2021-09-20 09:15:53,548 ----------------------------------------------------------------------------------------------------
2021-09-20 09:15:53,550 Model: "SequenceTagger(
  (embeddings): StackedEmbeddings(
    (list_embedding_0): FlairEmbeddings(
      (lm): LanguageModel(
        (drop): Dropout(p=0.25, inplace=False)
        (encoder): Embedding(275, 100)
        (rnn): LSTM(100, 2048)
        (decoder): Linear(in_features=2048, out_features=275, bias=True)
      )
    )
    (list_embedding_1): FlairEmbeddings(
      (lm): LanguageModel(
        (drop): Dropout(p=0.25, inplace=False)
        (encoder): Embedding(275, 100)
        (rnn): LSTM(100, 2048)
        (decoder): Linear(in_features=2048, out_features=275, bias=True)
      )
    )
  )
  (word_dropout): WordDropout(p=0.05)
  (locked_dropout): LockedDropout(p=0.5)
  (embedding2nn): Linear(in_features=4096, out_features=4096, bias=True)
  (rnn): LSTM(4096, 256, batch_first=True, bidirectional=True)
  (linear): Linear(in_features=512, out_features=19, bias=True)
  (beta): 1.0
  (weights): None
  (weight_tensor) None
)"
2021-09-20 09:15:53,556 ----------------------------------------------------------------------------------------------------
2021-09-20 09:15:53,560 Corpus: "Corpus: 1377 train + 342 dev + 175 test sentences"
2021-09-20 09:15:53,565 ----------------------------------------------------------------------------------------------------
2021-09-20 09:15:53,569 Parameters:
2021-09-20 09:15:53,571  - learning_rate: "0.1"
2021-09-20 09:15:53,574  - mini_batch_size: "32"
2021-09-20 09:15:53,577  - patience: "3"
2021-09-20 09:15:53,579  - anneal_factor: "0.5"
2021-09-20 09:15:53,583  - max_epochs: "50"
2021-09-20 09:15:53,586  - shuffle: "True"
2021-09-20 09:15:53,589  - train_with_dev: "False"
2021-09-20 09:15:53,591  - batch_growth_annealing: "False"
2021-09-20 09:15:53,594 ----------------------------------------------------------------------------------------------------
2021-09-20 09:15:53,598 Model training base path: "model"
2021-09-20 09:15:53,600 ----------------------------------------------------------------------------------------------------
2021-09-20 09:15:53,607 Device: cuda:0
2021-09-20 09:15:53,610 ----------------------------------------------------------------------------------------------------
2021-09-20 09:15:53,613 Embeddings storage mode: gpu
2021-09-20 09:15:53,617 ----------------------------------------------------------------------------------------------------
2021-09-20 09:16:29,267 epoch 1 - iter 4/44 - loss 1.82729780 - samples/sec: 3.59 - lr: 0.100000
2021-09-20 09:16:59,703 epoch 1 - iter 8/44 - loss 1.34109238 - samples/sec: 4.21 - lr: 0.100000
2021-09-20 09:17:19,643 epoch 1 - iter 12/44 - loss 1.19165689 - samples/sec: 6.42 - lr: 0.100000
2021-09-20 09:17:42,202 epoch 1 - iter 16/44 - loss 1.08096454 - samples/sec: 5.67 - lr: 0.100000
2021-09-20 09:18:00,507 epoch 1 - iter 20/44 - loss 1.00036447 - samples/sec: 6.99 - lr: 0.100000
2021-09-20 09:18:22,492 epoch 1 - iter 24/44 - loss 0.94324317 - samples/sec: 5.82 - lr: 0.100000
2021-09-20 09:18:41,568 epoch 1 - iter 28/44 - loss 0.89482552 - samples/sec: 6.71 - lr: 0.100000
2021-09-20 09:19:03,872 epoch 1 - iter 32/44 - loss 0.86449921 - samples/sec: 5.74 - lr: 0.100000
2021-09-20 09:19:21,875 epoch 1 - iter 36/44 - loss 0.83244230 - samples/sec: 7.11 - lr: 0.100000
2021-09-20 09:19:41,991 epoch 1 - iter 40/44 - loss 0.80181815 - samples/sec: 6.36 - lr: 0.100000
2021-09-20 09:19:52,040 epoch 1 - iter 44/44 - loss 0.78616917 - samples/sec: 12.74 - lr: 0.100000
2021-09-20 09:19:52,042 ----------------------------------------------------------------------------------------------------
2021-09-20 09:19:52,048 EPOCH 1 done: loss 0.7862 - lr 0.1000000
2021-09-20 09:20:58,945 DEV : loss 0.47024035453796387 - f1-score (micro avg)  0.1134
2021-09-20 09:20:58,958 BAD EPOCHS (no improvement): 0
2021-09-20 09:20:58,960 saving best model
2021-09-20 09:20:59,548 ----------------------------------------------------------------------------------------------------
2021-09-20 09:21:03,243 epoch 2 - iter 4/44 - loss 0.47164460 - samples/sec: 34.69 - lr: 0.100000
2021-09-20 09:21:08,566 epoch 2 - iter 8/44 - loss 0.48162883 - samples/sec: 24.06 - lr: 0.100000
2021-09-20 09:21:12,752 epoch 2 - iter 12/44 - loss 0.46806429 - samples/sec: 30.61 - lr: 0.100000
2021-09-20 09:21:17,572 epoch 2 - iter 16/44 - loss 0.45037400 - samples/sec: 26.57 - lr: 0.100000
2021-09-20 09:21:20,035 epoch 2 - iter 20/44 - loss 0.45545794 - samples/sec: 52.02 - lr: 0.100000
2021-09-20 09:21:22,382 epoch 2 - iter 24/44 - loss 0.45186975 - samples/sec: 54.63 - lr: 0.100000
2021-09-20 09:21:27,047 epoch 2 - iter 28/44 - loss 0.45644689 - samples/sec: 27.45 - lr: 0.100000
2021-09-20 09:21:29,521 epoch 2 - iter 32/44 - loss 0.45284355 - samples/sec: 51.79 - lr: 0.100000
2021-09-20 09:21:32,958 epoch 2 - iter 36/44 - loss 0.44981140 - samples/sec: 37.26 - lr: 0.100000
2021-09-20 09:21:37,965 epoch 2 - iter 40/44 - loss 0.44684590 - samples/sec: 25.58 - lr: 0.100000
2021-09-20 09:21:40,915 epoch 2 - iter 44/44 - loss 0.45001774 - samples/sec: 43.44 - lr: 0.100000
2021-09-20 09:21:40,917 ----------------------------------------------------------------------------------------------------
2021-09-20 09:21:40,921 EPOCH 2 done: loss 0.4500 - lr 0.1000000
2021-09-20 09:21:46,462 DEV : loss 0.380434513092041 - f1-score (micro avg)  0.2105
2021-09-20 09:21:46,472 BAD EPOCHS (no improvement): 0
2021-09-20 09:21:46,479 saving best model
2021-09-20 09:21:47,089 ----------------------------------------------------------------------------------------------------
2021-09-20 09:21:50,993 epoch 3 - iter 4/44 - loss 0.40818477 - samples/sec: 32.84 - lr: 0.100000
2021-09-20 09:21:55,057 epoch 3 - iter 8/44 - loss 0.43222493 - samples/sec: 31.52 - lr: 0.100000
2021-09-20 09:22:00,736 epoch 3 - iter 12/44 - loss 0.41612814 - samples/sec: 22.55 - lr: 0.100000
2021-09-20 09:22:04,272 epoch 3 - iter 16/44 - loss 0.40733521 - samples/sec: 36.24 - lr: 0.100000
2021-09-20 09:22:08,102 epoch 3 - iter 20/44 - loss 0.40255847 - samples/sec: 33.47 - lr: 0.100000
2021-09-20 09:22:11,512 epoch 3 - iter 24/44 - loss 0.39600259 - samples/sec: 37.57 - lr: 0.100000
2021-09-20 09:22:16,193 epoch 3 - iter 28/44 - loss 0.37512788 - samples/sec: 27.36 - lr: 0.100000
2021-09-20 09:22:18,928 epoch 3 - iter 32/44 - loss 0.36880543 - samples/sec: 46.87 - lr: 0.100000
2021-09-20 09:22:20,821 epoch 3 - iter 36/44 - loss 0.36245834 - samples/sec: 67.71 - lr: 0.100000
2021-09-20 09:22:23,183 epoch 3 - iter 40/44 - loss 0.35606566 - samples/sec: 54.27 - lr: 0.100000
2021-09-20 09:22:27,047 epoch 3 - iter 44/44 - loss 0.34991360 - samples/sec: 33.15 - lr: 0.100000
2021-09-20 09:22:27,049 ----------------------------------------------------------------------------------------------------
2021-09-20 09:22:27,056 EPOCH 3 done: loss 0.3499 - lr 0.1000000
2021-09-20 09:22:32,684 DEV : loss 0.311930388212204 - f1-score (micro avg)  0.3988
2021-09-20 09:22:32,699 BAD EPOCHS (no improvement): 0
2021-09-20 09:22:32,700 saving best model
2021-09-20 09:22:33,328 ----------------------------------------------------------------------------------------------------
2021-09-20 09:22:37,409 epoch 4 - iter 4/44 - loss 0.32364695 - samples/sec: 31.39 - lr: 0.100000
2021-09-20 09:22:40,519 epoch 4 - iter 8/44 - loss 0.33234912 - samples/sec: 41.20 - lr: 0.100000
2021-09-20 09:22:43,459 epoch 4 - iter 12/44 - loss 0.33659814 - samples/sec: 43.58 - lr: 0.100000
2021-09-20 09:22:47,934 epoch 4 - iter 16/44 - loss 0.33348270 - samples/sec: 28.63 - lr: 0.100000
2021-09-20 09:22:51,791 epoch 4 - iter 20/44 - loss 0.32879281 - samples/sec: 33.21 - lr: 0.100000
2021-09-20 09:22:55,372 epoch 4 - iter 24/44 - loss 0.31999115 - samples/sec: 35.76 - lr: 0.100000
2021-09-20 09:22:58,866 epoch 4 - iter 28/44 - loss 0.31137732 - samples/sec: 36.67 - lr: 0.100000
2021-09-20 09:23:03,084 epoch 4 - iter 32/44 - loss 0.31293673 - samples/sec: 30.37 - lr: 0.100000
2021-09-20 09:23:07,241 epoch 4 - iter 36/44 - loss 0.31267283 - samples/sec: 30.80 - lr: 0.100000
2021-09-20 09:23:11,812 epoch 4 - iter 40/44 - loss 0.30204234 - samples/sec: 28.02 - lr: 0.100000
2021-09-20 09:23:13,636 epoch 4 - iter 44/44 - loss 0.29700524 - samples/sec: 70.32 - lr: 0.100000
2021-09-20 09:23:13,640 ----------------------------------------------------------------------------------------------------
2021-09-20 09:23:13,643 EPOCH 4 done: loss 0.2970 - lr 0.1000000
2021-09-20 09:23:19,724 DEV : loss 0.21665790677070618 - f1-score (micro avg)  0.59
2021-09-20 09:23:19,738 BAD EPOCHS (no improvement): 0
2021-09-20 09:23:19,743 saving best model
2021-09-20 09:23:20,337 ----------------------------------------------------------------------------------------------------
2021-09-20 09:23:24,402 epoch 5 - iter 4/44 - loss 0.25174876 - samples/sec: 31.56 - lr: 0.100000
2021-09-20 09:23:27,174 epoch 5 - iter 8/44 - loss 0.24184210 - samples/sec: 46.23 - lr: 0.100000
2021-09-20 09:23:31,121 epoch 5 - iter 12/44 - loss 0.24350845 - samples/sec: 32.48 - lr: 0.100000
2021-09-20 09:23:33,621 epoch 5 - iter 16/44 - loss 0.24254372 - samples/sec: 51.24 - lr: 0.100000
2021-09-20 09:23:36,521 epoch 5 - iter 20/44 - loss 0.23987432 - samples/sec: 44.19 - lr: 0.100000
2021-09-20 09:23:40,210 epoch 5 - iter 24/44 - loss 0.24660168 - samples/sec: 34.73 - lr: 0.100000
2021-09-20 09:23:43,401 epoch 5 - iter 28/44 - loss 0.25127717 - samples/sec: 40.15 - lr: 0.100000
2021-09-20 09:23:48,896 epoch 5 - iter 32/44 - loss 0.25049268 - samples/sec: 23.30 - lr: 0.100000
2021-09-20 09:23:53,590 epoch 5 - iter 36/44 - loss 0.25214765 - samples/sec: 27.28 - lr: 0.100000
2021-09-20 09:23:56,305 epoch 5 - iter 40/44 - loss 0.25057319 - samples/sec: 47.20 - lr: 0.100000
2021-09-20 09:23:59,321 epoch 5 - iter 44/44 - loss 0.24859179 - samples/sec: 42.48 - lr: 0.100000
2021-09-20 09:23:59,323 ----------------------------------------------------------------------------------------------------
2021-09-20 09:23:59,326 EPOCH 5 done: loss 0.2486 - lr 0.1000000
2021-09-20 09:24:04,879 DEV : loss 0.2580445110797882 - f1-score (micro avg)  0.4121
2021-09-20 09:24:04,893 BAD EPOCHS (no improvement): 1
2021-09-20 09:24:04,895 ----------------------------------------------------------------------------------------------------
2021-09-20 09:24:06,757 epoch 6 - iter 4/44 - loss 0.27029207 - samples/sec: 68.90 - lr: 0.100000
2021-09-20 09:24:10,086 epoch 6 - iter 8/44 - loss 0.26631328 - samples/sec: 38.47 - lr: 0.100000
2021-09-20 09:24:15,076 epoch 6 - iter 12/44 - loss 0.25477538 - samples/sec: 25.67 - lr: 0.100000
2021-09-20 09:24:19,558 epoch 6 - iter 16/44 - loss 0.25678511 - samples/sec: 28.58 - lr: 0.100000
2021-09-20 09:24:22,319 epoch 6 - iter 20/44 - loss 0.24641426 - samples/sec: 46.42 - lr: 0.100000
2021-09-20 09:24:26,326 epoch 6 - iter 24/44 - loss 0.24733639 - samples/sec: 31.99 - lr: 0.100000
2021-09-20 09:24:29,949 epoch 6 - iter 28/44 - loss 0.25339911 - samples/sec: 35.34 - lr: 0.100000
2021-09-20 09:24:34,900 epoch 6 - iter 32/44 - loss 0.25020478 - samples/sec: 25.89 - lr: 0.100000
2021-09-20 09:24:38,696 epoch 6 - iter 36/44 - loss 0.24440650 - samples/sec: 33.74 - lr: 0.100000
2021-09-20 09:24:40,801 epoch 6 - iter 40/44 - loss 0.24023785 - samples/sec: 60.90 - lr: 0.100000
2021-09-20 09:24:44,676 epoch 6 - iter 44/44 - loss 0.23653375 - samples/sec: 33.07 - lr: 0.100000
2021-09-20 09:24:44,678 ----------------------------------------------------------------------------------------------------
2021-09-20 09:24:44,682 EPOCH 6 done: loss 0.2365 - lr 0.1000000
2021-09-20 09:24:50,198 DEV : loss 0.19745853543281555 - f1-score (micro avg)  0.5609
2021-09-20 09:24:50,212 BAD EPOCHS (no improvement): 2
2021-09-20 09:24:50,214 ----------------------------------------------------------------------------------------------------
2021-09-20 09:24:53,681 epoch 7 - iter 4/44 - loss 0.19178637 - samples/sec: 36.96 - lr: 0.100000
2021-09-20 09:24:58,015 epoch 7 - iter 8/44 - loss 0.19635563 - samples/sec: 29.55 - lr: 0.100000
2021-09-20 09:25:02,203 epoch 7 - iter 12/44 - loss 0.21554893 - samples/sec: 30.59 - lr: 0.100000
2021-09-20 09:25:06,179 epoch 7 - iter 16/44 - loss 0.22174982 - samples/sec: 32.22 - lr: 0.100000
2021-09-20 09:25:10,115 epoch 7 - iter 20/44 - loss 0.22434243 - samples/sec: 32.53 - lr: 0.100000
2021-09-20 09:25:12,303 epoch 7 - iter 24/44 - loss 0.22047172 - samples/sec: 58.63 - lr: 0.100000
2021-09-20 09:25:15,625 epoch 7 - iter 28/44 - loss 0.22078288 - samples/sec: 38.56 - lr: 0.100000
2021-09-20 09:25:18,804 epoch 7 - iter 32/44 - loss 0.21729031 - samples/sec: 40.31 - lr: 0.100000
2021-09-20 09:25:22,426 epoch 7 - iter 36/44 - loss 0.21262544 - samples/sec: 35.37 - lr: 0.100000
2021-09-20 09:25:26,331 epoch 7 - iter 40/44 - loss 0.21033342 - samples/sec: 32.80 - lr: 0.100000
2021-09-20 09:25:30,645 epoch 7 - iter 44/44 - loss 0.21318560 - samples/sec: 29.69 - lr: 0.100000
2021-09-20 09:25:30,647 ----------------------------------------------------------------------------------------------------
2021-09-20 09:25:30,655 EPOCH 7 done: loss 0.2132 - lr 0.1000000
2021-09-20 09:25:36,760 DEV : loss 0.15742935240268707 - f1-score (micro avg)  0.6985
2021-09-20 09:25:36,774 BAD EPOCHS (no improvement): 0
2021-09-20 09:25:36,777 saving best model
2021-09-20 09:25:37,399 ----------------------------------------------------------------------------------------------------
2021-09-20 09:25:41,944 epoch 8 - iter 4/44 - loss 0.20517376 - samples/sec: 28.19 - lr: 0.100000
2021-09-20 09:25:45,014 epoch 8 - iter 8/44 - loss 0.19929081 - samples/sec: 41.72 - lr: 0.100000
2021-09-20 09:25:48,346 epoch 8 - iter 12/44 - loss 0.19035934 - samples/sec: 38.49 - lr: 0.100000
2021-09-20 09:25:53,195 epoch 8 - iter 16/44 - loss 0.19342890 - samples/sec: 26.42 - lr: 0.100000
2021-09-20 09:25:55,711 epoch 8 - iter 20/44 - loss 0.19176421 - samples/sec: 50.93 - lr: 0.100000
2021-09-20 09:25:58,696 epoch 8 - iter 24/44 - loss 0.19394418 - samples/sec: 42.91 - lr: 0.100000
2021-09-20 09:26:03,894 epoch 8 - iter 28/44 - loss 0.19644140 - samples/sec: 24.64 - lr: 0.100000
2021-09-20 09:26:09,326 epoch 8 - iter 32/44 - loss 0.19634663 - samples/sec: 23.59 - lr: 0.100000
2021-09-20 09:26:12,457 epoch 8 - iter 36/44 - loss 0.19422715 - samples/sec: 40.93 - lr: 0.100000
2021-09-20 09:26:15,165 epoch 8 - iter 40/44 - loss 0.19513286 - samples/sec: 47.30 - lr: 0.100000
2021-09-20 09:26:18,551 epoch 8 - iter 44/44 - loss 0.19503792 - samples/sec: 37.84 - lr: 0.100000
2021-09-20 09:26:18,554 ----------------------------------------------------------------------------------------------------
2021-09-20 09:26:18,558 EPOCH 8 done: loss 0.1950 - lr 0.1000000
2021-09-20 09:26:24,246 DEV : loss 0.1454305350780487 - f1-score (micro avg)  0.7116
2021-09-20 09:26:24,260 BAD EPOCHS (no improvement): 0
2021-09-20 09:26:24,262 saving best model
2021-09-20 09:26:24,873 ----------------------------------------------------------------------------------------------------
2021-09-20 09:26:28,102 epoch 9 - iter 4/44 - loss 0.17300950 - samples/sec: 39.67 - lr: 0.100000
2021-09-20 09:26:31,827 epoch 9 - iter 8/44 - loss 0.17167802 - samples/sec: 34.42 - lr: 0.100000
2021-09-20 09:26:36,115 epoch 9 - iter 12/44 - loss 0.17405887 - samples/sec: 29.86 - lr: 0.100000
2021-09-20 09:26:39,212 epoch 9 - iter 16/44 - loss 0.18065435 - samples/sec: 41.38 - lr: 0.100000
2021-09-20 09:26:43,887 epoch 9 - iter 20/44 - loss 0.17880561 - samples/sec: 27.40 - lr: 0.100000
2021-09-20 09:26:47,239 epoch 9 - iter 24/44 - loss 0.18518408 - samples/sec: 38.21 - lr: 0.100000
2021-09-20 09:26:49,993 epoch 9 - iter 28/44 - loss 0.18337239 - samples/sec: 46.55 - lr: 0.100000
2021-09-20 09:26:55,531 epoch 9 - iter 32/44 - loss 0.18382289 - samples/sec: 23.13 - lr: 0.100000
2021-09-20 09:26:58,852 epoch 9 - iter 36/44 - loss 0.18073648 - samples/sec: 38.57 - lr: 0.100000
2021-09-20 09:27:02,428 epoch 9 - iter 40/44 - loss 0.18144947 - samples/sec: 35.84 - lr: 0.100000
2021-09-20 09:27:04,843 epoch 9 - iter 44/44 - loss 0.17980029 - samples/sec: 53.05 - lr: 0.100000
2021-09-20 09:27:04,846 ----------------------------------------------------------------------------------------------------
2021-09-20 09:27:04,849 EPOCH 9 done: loss 0.1798 - lr 0.1000000
2021-09-20 09:27:11,085 DEV : loss 0.1345941722393036 - f1-score (micro avg)  0.7164
2021-09-20 09:27:11,098 BAD EPOCHS (no improvement): 0
2021-09-20 09:27:11,099 saving best model
2021-09-20 09:27:11,704 ----------------------------------------------------------------------------------------------------
2021-09-20 09:27:15,378 epoch 10 - iter 4/44 - loss 0.16498543 - samples/sec: 34.89 - lr: 0.100000
2021-09-20 09:27:18,972 epoch 10 - iter 8/44 - loss 0.17201867 - samples/sec: 35.63 - lr: 0.100000
2021-09-20 09:27:22,698 epoch 10 - iter 12/44 - loss 0.17195903 - samples/sec: 34.38 - lr: 0.100000
2021-09-20 09:27:27,178 epoch 10 - iter 16/44 - loss 0.17081288 - samples/sec: 28.59 - lr: 0.100000
2021-09-20 09:27:30,213 epoch 10 - iter 20/44 - loss 0.17320245 - samples/sec: 42.21 - lr: 0.100000
2021-09-20 09:27:34,421 epoch 10 - iter 24/44 - loss 0.17410466 - samples/sec: 30.45 - lr: 0.100000
2021-09-20 09:27:39,183 epoch 10 - iter 28/44 - loss 0.17305594 - samples/sec: 26.90 - lr: 0.100000
2021-09-20 09:27:43,342 epoch 10 - iter 32/44 - loss 0.17131882 - samples/sec: 30.80 - lr: 0.100000
2021-09-20 09:27:45,955 epoch 10 - iter 36/44 - loss 0.17239950 - samples/sec: 49.04 - lr: 0.100000
2021-09-20 09:27:49,779 epoch 10 - iter 40/44 - loss 0.17192484 - samples/sec: 33.50 - lr: 0.100000
2021-09-20 09:27:52,751 epoch 10 - iter 44/44 - loss 0.17130654 - samples/sec: 43.13 - lr: 0.100000
2021-09-20 09:27:52,753 ----------------------------------------------------------------------------------------------------
2021-09-20 09:27:52,758 EPOCH 10 done: loss 0.1713 - lr 0.1000000
2021-09-20 09:27:58,338 DEV : loss 0.12206811457872391 - f1-score (micro avg)  0.7675
2021-09-20 09:27:58,352 BAD EPOCHS (no improvement): 0
2021-09-20 09:27:58,353 saving best model
2021-09-20 09:27:58,970 ----------------------------------------------------------------------------------------------------
2021-09-20 09:28:02,541 epoch 11 - iter 4/44 - loss 0.14117619 - samples/sec: 35.88 - lr: 0.100000
2021-09-20 09:28:05,081 epoch 11 - iter 8/44 - loss 0.15584599 - samples/sec: 50.47 - lr: 0.100000
2021-09-20 09:28:09,232 epoch 11 - iter 12/44 - loss 0.15873637 - samples/sec: 30.86 - lr: 0.100000
2021-09-20 09:28:11,689 epoch 11 - iter 16/44 - loss 0.16481767 - samples/sec: 52.15 - lr: 0.100000
2021-09-20 09:28:16,168 epoch 11 - iter 20/44 - loss 0.16639206 - samples/sec: 28.59 - lr: 0.100000
2021-09-20 09:28:20,211 epoch 11 - iter 24/44 - loss 0.16293343 - samples/sec: 31.69 - lr: 0.100000
2021-09-20 09:28:24,222 epoch 11 - iter 28/44 - loss 0.16402176 - samples/sec: 31.93 - lr: 0.100000
2021-09-20 09:28:28,625 epoch 11 - iter 32/44 - loss 0.16167863 - samples/sec: 29.10 - lr: 0.100000
2021-09-20 09:28:32,924 epoch 11 - iter 36/44 - loss 0.16094000 - samples/sec: 29.80 - lr: 0.100000
2021-09-20 09:28:37,380 epoch 11 - iter 40/44 - loss 0.16128104 - samples/sec: 28.75 - lr: 0.100000
2021-09-20 09:28:39,997 epoch 11 - iter 44/44 - loss 0.16061359 - samples/sec: 48.97 - lr: 0.100000
2021-09-20 09:28:39,999 ----------------------------------------------------------------------------------------------------
2021-09-20 09:28:40,010 EPOCH 11 done: loss 0.1606 - lr 0.1000000
2021-09-20 09:28:45,857 DEV : loss 0.1872030347585678 - f1-score (micro avg)  0.6558
2021-09-20 09:28:45,870 BAD EPOCHS (no improvement): 1
2021-09-20 09:28:45,872 ----------------------------------------------------------------------------------------------------
2021-09-20 09:28:49,821 epoch 12 - iter 4/44 - loss 0.16067449 - samples/sec: 32.45 - lr: 0.100000
2021-09-20 09:28:54,957 epoch 12 - iter 8/44 - loss 0.14345523 - samples/sec: 24.93 - lr: 0.100000
2021-09-20 09:28:57,946 epoch 12 - iter 12/44 - loss 0.15514012 - samples/sec: 42.86 - lr: 0.100000
2021-09-20 09:29:02,349 epoch 12 - iter 16/44 - loss 0.15239987 - samples/sec: 29.09 - lr: 0.100000
2021-09-20 09:29:06,134 epoch 12 - iter 20/44 - loss 0.15731761 - samples/sec: 33.85 - lr: 0.100000
2021-09-20 09:29:09,387 epoch 12 - iter 24/44 - loss 0.15732801 - samples/sec: 39.37 - lr: 0.100000
2021-09-20 09:29:12,794 epoch 12 - iter 28/44 - loss 0.15540844 - samples/sec: 37.60 - lr: 0.100000
2021-09-20 09:29:16,567 epoch 12 - iter 32/44 - loss 0.15667428 - samples/sec: 33.94 - lr: 0.100000
2021-09-20 09:29:20,164 epoch 12 - iter 36/44 - loss 0.15553125 - samples/sec: 35.61 - lr: 0.100000
2021-09-20 09:29:23,082 epoch 12 - iter 40/44 - loss 0.15473620 - samples/sec: 43.91 - lr: 0.100000
2021-09-20 09:29:26,030 epoch 12 - iter 44/44 - loss 0.15581932 - samples/sec: 43.46 - lr: 0.100000
2021-09-20 09:29:26,033 ----------------------------------------------------------------------------------------------------
2021-09-20 09:29:26,038 EPOCH 12 done: loss 0.1558 - lr 0.1000000
2021-09-20 09:29:32,204 DEV : loss 0.11639530211687088 - f1-score (micro avg)  0.7463
2021-09-20 09:29:32,218 BAD EPOCHS (no improvement): 2
2021-09-20 09:29:32,220 ----------------------------------------------------------------------------------------------------
2021-09-20 09:29:35,355 epoch 13 - iter 4/44 - loss 0.13841631 - samples/sec: 40.89 - lr: 0.100000
2021-09-20 09:29:40,203 epoch 13 - iter 8/44 - loss 0.14239167 - samples/sec: 26.42 - lr: 0.100000
2021-09-20 09:29:43,831 epoch 13 - iter 12/44 - loss 0.14195683 - samples/sec: 35.31 - lr: 0.100000
2021-09-20 09:29:48,229 epoch 13 - iter 16/44 - loss 0.14354797 - samples/sec: 29.13 - lr: 0.100000
2021-09-20 09:29:51,926 epoch 13 - iter 20/44 - loss 0.14688338 - samples/sec: 34.65 - lr: 0.100000
2021-09-20 09:29:54,530 epoch 13 - iter 24/44 - loss 0.14657695 - samples/sec: 49.25 - lr: 0.100000
2021-09-20 09:29:59,171 epoch 13 - iter 28/44 - loss 0.14461243 - samples/sec: 27.60 - lr: 0.100000
2021-09-20 09:30:02,767 epoch 13 - iter 32/44 - loss 0.14534237 - samples/sec: 35.63 - lr: 0.100000
2021-09-20 09:30:06,648 epoch 13 - iter 36/44 - loss 0.14474993 - samples/sec: 33.00 - lr: 0.100000
2021-09-20 09:30:09,765 epoch 13 - iter 40/44 - loss 0.14250321 - samples/sec: 41.10 - lr: 0.100000
2021-09-20 09:30:12,555 epoch 13 - iter 44/44 - loss 0.14181188 - samples/sec: 45.91 - lr: 0.100000
2021-09-20 09:30:12,557 ----------------------------------------------------------------------------------------------------
2021-09-20 09:30:12,562 EPOCH 13 done: loss 0.1418 - lr 0.1000000
2021-09-20 09:30:18,130 DEV : loss 0.1275458037853241 - f1-score (micro avg)  0.7517
2021-09-20 09:30:18,145 BAD EPOCHS (no improvement): 3
2021-09-20 09:30:18,147 ----------------------------------------------------------------------------------------------------
2021-09-20 09:30:22,960 epoch 14 - iter 4/44 - loss 0.12793021 - samples/sec: 26.62 - lr: 0.100000
2021-09-20 09:30:26,445 epoch 14 - iter 8/44 - loss 0.15469894 - samples/sec: 36.75 - lr: 0.100000
2021-09-20 09:30:28,330 epoch 14 - iter 12/44 - loss 0.15237989 - samples/sec: 68.00 - lr: 0.100000
2021-09-20 09:30:32,080 epoch 14 - iter 16/44 - loss 0.15186609 - samples/sec: 34.16 - lr: 0.100000
2021-09-20 09:30:37,330 epoch 14 - iter 20/44 - loss 0.14719127 - samples/sec: 24.39 - lr: 0.100000
2021-09-20 09:30:41,411 epoch 14 - iter 24/44 - loss 0.14743299 - samples/sec: 31.39 - lr: 0.100000
2021-09-20 09:30:44,534 epoch 14 - iter 28/44 - loss 0.14519864 - samples/sec: 41.01 - lr: 0.100000
2021-09-20 09:30:47,972 epoch 14 - iter 32/44 - loss 0.14172982 - samples/sec: 37.27 - lr: 0.100000
2021-09-20 09:30:51,724 epoch 14 - iter 36/44 - loss 0.14016422 - samples/sec: 34.13 - lr: 0.100000
2021-09-20 09:30:55,873 epoch 14 - iter 40/44 - loss 0.14271057 - samples/sec: 30.87 - lr: 0.100000
2021-09-20 09:30:59,422 epoch 14 - iter 44/44 - loss 0.14181078 - samples/sec: 36.10 - lr: 0.100000
2021-09-20 09:30:59,424 ----------------------------------------------------------------------------------------------------
2021-09-20 09:30:59,429 EPOCH 14 done: loss 0.1418 - lr 0.1000000
2021-09-20 09:31:05,652 DEV : loss 0.1170646920800209 - f1-score (micro avg)  0.7687
2021-09-20 09:31:05,665 BAD EPOCHS (no improvement): 0
2021-09-20 09:31:05,666 saving best model
2021-09-20 09:31:06,271 ----------------------------------------------------------------------------------------------------
2021-09-20 09:31:10,439 epoch 15 - iter 4/44 - loss 0.14740178 - samples/sec: 30.76 - lr: 0.100000
2021-09-20 09:31:12,948 epoch 15 - iter 8/44 - loss 0.14895806 - samples/sec: 51.06 - lr: 0.100000
2021-09-20 09:31:16,258 epoch 15 - iter 12/44 - loss 0.14786770 - samples/sec: 38.70 - lr: 0.100000
2021-09-20 09:31:20,961 epoch 15 - iter 16/44 - loss 0.14026233 - samples/sec: 27.23 - lr: 0.100000
2021-09-20 09:31:24,504 epoch 15 - iter 20/44 - loss 0.13912634 - samples/sec: 36.15 - lr: 0.100000
2021-09-20 09:31:29,691 epoch 15 - iter 24/44 - loss 0.13339532 - samples/sec: 24.69 - lr: 0.100000
2021-09-20 09:31:34,177 epoch 15 - iter 28/44 - loss 0.13262368 - samples/sec: 28.55 - lr: 0.100000
2021-09-20 09:31:36,745 epoch 15 - iter 32/44 - loss 0.13504608 - samples/sec: 49.89 - lr: 0.100000
2021-09-20 09:31:40,446 epoch 15 - iter 36/44 - loss 0.13373181 - samples/sec: 34.61 - lr: 0.100000
2021-09-20 09:31:44,303 epoch 15 - iter 40/44 - loss 0.13290225 - samples/sec: 33.20 - lr: 0.100000
2021-09-20 09:31:46,607 epoch 15 - iter 44/44 - loss 0.13409255 - samples/sec: 55.61 - lr: 0.100000
2021-09-20 09:31:46,609 ----------------------------------------------------------------------------------------------------
2021-09-20 09:31:46,619 EPOCH 15 done: loss 0.1341 - lr 0.1000000
2021-09-20 09:31:52,324 DEV : loss 0.11377798765897751 - f1-score (micro avg)  0.7734
2021-09-20 09:31:52,336 BAD EPOCHS (no improvement): 0
2021-09-20 09:31:52,338 saving best model
2021-09-20 09:31:53,016 ----------------------------------------------------------------------------------------------------
2021-09-20 09:31:58,314 epoch 16 - iter 4/44 - loss 0.12505282 - samples/sec: 24.18 - lr: 0.100000
2021-09-20 09:32:01,796 epoch 16 - iter 8/44 - loss 0.12837437 - samples/sec: 36.79 - lr: 0.100000
2021-09-20 09:32:06,693 epoch 16 - iter 12/44 - loss 0.13007692 - samples/sec: 26.15 - lr: 0.100000
2021-09-20 09:32:11,367 epoch 16 - iter 16/44 - loss 0.13439517 - samples/sec: 27.40 - lr: 0.100000
2021-09-20 09:32:13,677 epoch 16 - iter 20/44 - loss 0.13264893 - samples/sec: 55.47 - lr: 0.100000
2021-09-20 09:32:16,741 epoch 16 - iter 24/44 - loss 0.13214463 - samples/sec: 41.81 - lr: 0.100000
2021-09-20 09:32:21,081 epoch 16 - iter 28/44 - loss 0.12970902 - samples/sec: 29.51 - lr: 0.100000
2021-09-20 09:32:23,941 epoch 16 - iter 32/44 - loss 0.13153058 - samples/sec: 44.79 - lr: 0.100000
2021-09-20 09:32:26,615 epoch 16 - iter 36/44 - loss 0.13001358 - samples/sec: 47.92 - lr: 0.100000
2021-09-20 09:32:30,911 epoch 16 - iter 40/44 - loss 0.12927792 - samples/sec: 29.82 - lr: 0.100000
2021-09-20 09:32:33,616 epoch 16 - iter 44/44 - loss 0.12912233 - samples/sec: 47.35 - lr: 0.100000
2021-09-20 09:32:33,618 ----------------------------------------------------------------------------------------------------
2021-09-20 09:32:33,623 EPOCH 16 done: loss 0.1291 - lr 0.1000000
2021-09-20 09:32:39,183 DEV : loss 0.09841153770685196 - f1-score (micro avg)  0.8209
2021-09-20 09:32:39,198 BAD EPOCHS (no improvement): 0
2021-09-20 09:32:39,200 saving best model
2021-09-20 09:32:39,879 ----------------------------------------------------------------------------------------------------
2021-09-20 09:32:43,067 epoch 17 - iter 4/44 - loss 0.11017524 - samples/sec: 40.25 - lr: 0.100000
2021-09-20 09:32:46,701 epoch 17 - iter 8/44 - loss 0.11830360 - samples/sec: 35.24 - lr: 0.100000
2021-09-20 09:32:52,377 epoch 17 - iter 12/44 - loss 0.12465983 - samples/sec: 22.57 - lr: 0.100000
2021-09-20 09:32:55,859 epoch 17 - iter 16/44 - loss 0.13000743 - samples/sec: 36.78 - lr: 0.100000
2021-09-20 09:32:58,507 epoch 17 - iter 20/44 - loss 0.12985487 - samples/sec: 48.38 - lr: 0.100000
2021-09-20 09:33:01,800 epoch 17 - iter 24/44 - loss 0.12800504 - samples/sec: 38.92 - lr: 0.100000
2021-09-20 09:33:05,149 epoch 17 - iter 28/44 - loss 0.12636062 - samples/sec: 38.26 - lr: 0.100000
2021-09-20 09:33:08,678 epoch 17 - iter 32/44 - loss 0.12819568 - samples/sec: 36.30 - lr: 0.100000
2021-09-20 09:33:11,719 epoch 17 - iter 36/44 - loss 0.12803772 - samples/sec: 42.11 - lr: 0.100000
2021-09-20 09:33:16,314 epoch 17 - iter 40/44 - loss 0.12636639 - samples/sec: 27.87 - lr: 0.100000
2021-09-20 09:33:20,443 epoch 17 - iter 44/44 - loss 0.12581596 - samples/sec: 31.03 - lr: 0.100000
2021-09-20 09:33:20,445 ----------------------------------------------------------------------------------------------------
2021-09-20 09:33:20,453 EPOCH 17 done: loss 0.1258 - lr 0.1000000
2021-09-20 09:33:26,654 DEV : loss 0.09279369562864304 - f1-score (micro avg)  0.8286
2021-09-20 09:33:26,666 BAD EPOCHS (no improvement): 0
2021-09-20 09:33:26,668 saving best model
2021-09-20 09:33:27,351 ----------------------------------------------------------------------------------------------------
2021-09-20 09:33:30,756 epoch 18 - iter 4/44 - loss 0.13091923 - samples/sec: 37.69 - lr: 0.100000
2021-09-20 09:33:34,796 epoch 18 - iter 8/44 - loss 0.13196838 - samples/sec: 31.70 - lr: 0.100000
2021-09-20 09:33:40,290 epoch 18 - iter 12/44 - loss 0.11986803 - samples/sec: 23.31 - lr: 0.100000
2021-09-20 09:33:44,029 epoch 18 - iter 16/44 - loss 0.12936052 - samples/sec: 34.25 - lr: 0.100000
2021-09-20 09:33:46,835 epoch 18 - iter 20/44 - loss 0.12841800 - samples/sec: 45.65 - lr: 0.100000
2021-09-20 09:33:52,274 epoch 18 - iter 24/44 - loss 0.12749786 - samples/sec: 23.55 - lr: 0.100000
2021-09-20 09:33:56,021 epoch 18 - iter 28/44 - loss 0.12538001 - samples/sec: 34.19 - lr: 0.100000
2021-09-20 09:33:59,998 epoch 18 - iter 32/44 - loss 0.12549218 - samples/sec: 32.20 - lr: 0.100000
2021-09-20 09:34:03,541 epoch 18 - iter 36/44 - loss 0.12336627 - samples/sec: 36.16 - lr: 0.100000
2021-09-20 09:34:06,892 epoch 18 - iter 40/44 - loss 0.12096109 - samples/sec: 38.23 - lr: 0.100000
2021-09-20 09:34:09,815 epoch 18 - iter 44/44 - loss 0.12248172 - samples/sec: 43.83 - lr: 0.100000
2021-09-20 09:34:09,818 ----------------------------------------------------------------------------------------------------
2021-09-20 09:34:09,827 EPOCH 18 done: loss 0.1225 - lr 0.1000000
2021-09-20 09:34:15,609 DEV : loss 0.12065059691667557 - f1-score (micro avg)  0.7518
2021-09-20 09:34:15,622 BAD EPOCHS (no improvement): 1
2021-09-20 09:34:15,624 ----------------------------------------------------------------------------------------------------
2021-09-20 09:34:18,855 epoch 19 - iter 4/44 - loss 0.11224301 - samples/sec: 39.67 - lr: 0.100000
2021-09-20 09:34:21,947 epoch 19 - iter 8/44 - loss 0.13203229 - samples/sec: 41.42 - lr: 0.100000
2021-09-20 09:34:24,580 epoch 19 - iter 12/44 - loss 0.13121911 - samples/sec: 48.68 - lr: 0.100000
2021-09-20 09:34:29,819 epoch 19 - iter 16/44 - loss 0.12499183 - samples/sec: 24.44 - lr: 0.100000
2021-09-20 09:34:34,428 epoch 19 - iter 20/44 - loss 0.12240204 - samples/sec: 27.80 - lr: 0.100000
2021-09-20 09:34:37,574 epoch 19 - iter 24/44 - loss 0.12050497 - samples/sec: 40.71 - lr: 0.100000
2021-09-20 09:34:42,367 epoch 19 - iter 28/44 - loss 0.12266811 - samples/sec: 26.73 - lr: 0.100000
2021-09-20 09:34:46,673 epoch 19 - iter 32/44 - loss 0.12129257 - samples/sec: 29.74 - lr: 0.100000
2021-09-20 09:34:51,540 epoch 19 - iter 36/44 - loss 0.11793806 - samples/sec: 26.31 - lr: 0.100000
2021-09-20 09:34:54,093 epoch 19 - iter 40/44 - loss 0.11960537 - samples/sec: 50.21 - lr: 0.100000
2021-09-20 09:34:56,563 epoch 19 - iter 44/44 - loss 0.11734946 - samples/sec: 51.86 - lr: 0.100000
2021-09-20 09:34:56,566 ----------------------------------------------------------------------------------------------------
2021-09-20 09:34:56,572 EPOCH 19 done: loss 0.1173 - lr 0.1000000
2021-09-20 09:35:02,176 DEV : loss 0.0931210145354271 - f1-score (micro avg)  0.8285
2021-09-20 09:35:02,191 BAD EPOCHS (no improvement): 2
2021-09-20 09:35:02,193 ----------------------------------------------------------------------------------------------------
2021-09-20 09:35:05,553 epoch 20 - iter 4/44 - loss 0.13706412 - samples/sec: 38.15 - lr: 0.100000
2021-09-20 09:35:09,021 epoch 20 - iter 8/44 - loss 0.12452892 - samples/sec: 36.95 - lr: 0.100000
2021-09-20 09:35:12,980 epoch 20 - iter 12/44 - loss 0.11741075 - samples/sec: 32.35 - lr: 0.100000
2021-09-20 09:35:16,493 epoch 20 - iter 16/44 - loss 0.12168848 - samples/sec: 36.47 - lr: 0.100000
2021-09-20 09:35:20,150 epoch 20 - iter 20/44 - loss 0.11852249 - samples/sec: 35.07 - lr: 0.100000
2021-09-20 09:35:26,395 epoch 20 - iter 24/44 - loss 0.11423927 - samples/sec: 20.51 - lr: 0.100000
2021-09-20 09:35:29,400 epoch 20 - iter 28/44 - loss 0.11570017 - samples/sec: 42.67 - lr: 0.100000
2021-09-20 09:35:32,646 epoch 20 - iter 32/44 - loss 0.11510792 - samples/sec: 39.47 - lr: 0.100000
2021-09-20 09:35:36,710 epoch 20 - iter 36/44 - loss 0.11354719 - samples/sec: 31.51 - lr: 0.100000
2021-09-20 09:35:40,562 epoch 20 - iter 40/44 - loss 0.11300214 - samples/sec: 33.25 - lr: 0.100000
2021-09-20 09:35:43,334 epoch 20 - iter 44/44 - loss 0.11288054 - samples/sec: 46.23 - lr: 0.100000
2021-09-20 09:35:43,336 ----------------------------------------------------------------------------------------------------
2021-09-20 09:35:43,339 EPOCH 20 done: loss 0.1129 - lr 0.1000000
2021-09-20 09:35:49,493 DEV : loss 0.12246740609407425 - f1-score (micro avg)  0.7581
2021-09-20 09:35:49,507 BAD EPOCHS (no improvement): 3
2021-09-20 09:35:49,509 ----------------------------------------------------------------------------------------------------
2021-09-20 09:35:53,416 epoch 21 - iter 4/44 - loss 0.13117070 - samples/sec: 32.80 - lr: 0.100000
2021-09-20 09:35:57,020 epoch 21 - iter 8/44 - loss 0.11817658 - samples/sec: 35.57 - lr: 0.100000
2021-09-20 09:36:00,254 epoch 21 - iter 12/44 - loss 0.11548382 - samples/sec: 39.62 - lr: 0.100000
2021-09-20 09:36:03,869 epoch 21 - iter 16/44 - loss 0.11528536 - samples/sec: 35.44 - lr: 0.100000
2021-09-20 09:36:06,462 epoch 21 - iter 20/44 - loss 0.11811995 - samples/sec: 49.48 - lr: 0.100000
2021-09-20 09:36:09,713 epoch 21 - iter 24/44 - loss 0.11401294 - samples/sec: 39.40 - lr: 0.100000
2021-09-20 09:36:12,948 epoch 21 - iter 28/44 - loss 0.11338945 - samples/sec: 39.63 - lr: 0.100000
2021-09-20 09:36:15,875 epoch 21 - iter 32/44 - loss 0.11240996 - samples/sec: 43.76 - lr: 0.100000
2021-09-20 09:36:22,524 epoch 21 - iter 36/44 - loss 0.11272365 - samples/sec: 19.26 - lr: 0.100000
2021-09-20 09:36:26,559 epoch 21 - iter 40/44 - loss 0.11149229 - samples/sec: 31.74 - lr: 0.100000
2021-09-20 09:36:29,890 epoch 21 - iter 44/44 - loss 0.11004065 - samples/sec: 38.47 - lr: 0.100000
2021-09-20 09:36:29,893 ----------------------------------------------------------------------------------------------------
2021-09-20 09:36:29,896 EPOCH 21 done: loss 0.1100 - lr 0.1000000
2021-09-20 09:36:35,675 DEV : loss 0.0823117196559906 - f1-score (micro avg)  0.8426
2021-09-20 09:36:35,689 BAD EPOCHS (no improvement): 0
2021-09-20 09:36:35,692 saving best model
2021-09-20 09:36:36,330 ----------------------------------------------------------------------------------------------------
2021-09-20 09:36:39,511 epoch 22 - iter 4/44 - loss 0.09374415 - samples/sec: 40.28 - lr: 0.100000
2021-09-20 09:36:42,418 epoch 22 - iter 8/44 - loss 0.11133057 - samples/sec: 44.06 - lr: 0.100000
2021-09-20 09:36:45,087 epoch 22 - iter 12/44 - loss 0.11272049 - samples/sec: 47.99 - lr: 0.100000
2021-09-20 09:36:50,439 epoch 22 - iter 16/44 - loss 0.11136955 - samples/sec: 23.93 - lr: 0.100000
2021-09-20 09:36:53,286 epoch 22 - iter 20/44 - loss 0.11345226 - samples/sec: 45.00 - lr: 0.100000
2021-09-20 09:36:58,280 epoch 22 - iter 24/44 - loss 0.10927671 - samples/sec: 25.65 - lr: 0.100000
2021-09-20 09:37:03,825 epoch 22 - iter 28/44 - loss 0.10930451 - samples/sec: 23.10 - lr: 0.100000
2021-09-20 09:37:06,495 epoch 22 - iter 32/44 - loss 0.10853955 - samples/sec: 47.98 - lr: 0.100000
2021-09-20 09:37:10,510 epoch 22 - iter 36/44 - loss 0.10858612 - samples/sec: 31.90 - lr: 0.100000
2021-09-20 09:37:13,366 epoch 22 - iter 40/44 - loss 0.10648461 - samples/sec: 44.86 - lr: 0.100000
2021-09-20 09:37:16,462 epoch 22 - iter 44/44 - loss 0.10614264 - samples/sec: 41.37 - lr: 0.100000
2021-09-20 09:37:16,464 ----------------------------------------------------------------------------------------------------
2021-09-20 09:37:16,475 EPOCH 22 done: loss 0.1061 - lr 0.1000000
2021-09-20 09:37:22,788 DEV : loss 0.09287798404693604 - f1-score (micro avg)  0.8299
2021-09-20 09:37:22,804 BAD EPOCHS (no improvement): 1
2021-09-20 09:37:22,805 ----------------------------------------------------------------------------------------------------
2021-09-20 09:37:28,553 epoch 23 - iter 4/44 - loss 0.12319477 - samples/sec: 22.29 - lr: 0.100000
2021-09-20 09:37:30,914 epoch 23 - iter 8/44 - loss 0.10952852 - samples/sec: 54.29 - lr: 0.100000
2021-09-20 09:37:34,341 epoch 23 - iter 12/44 - loss 0.11336708 - samples/sec: 37.38 - lr: 0.100000
2021-09-20 09:37:37,871 epoch 23 - iter 16/44 - loss 0.11275142 - samples/sec: 36.29 - lr: 0.100000
2021-09-20 09:37:41,246 epoch 23 - iter 20/44 - loss 0.11269351 - samples/sec: 38.00 - lr: 0.100000
2021-09-20 09:37:46,073 epoch 23 - iter 24/44 - loss 0.11060326 - samples/sec: 26.53 - lr: 0.100000
2021-09-20 09:37:50,707 epoch 23 - iter 28/44 - loss 0.11010639 - samples/sec: 27.64 - lr: 0.100000
2021-09-20 09:37:53,377 epoch 23 - iter 32/44 - loss 0.10994803 - samples/sec: 48.04 - lr: 0.100000
2021-09-20 09:37:57,018 epoch 23 - iter 36/44 - loss 0.10740653 - samples/sec: 35.18 - lr: 0.100000
2021-09-20 09:38:00,886 epoch 23 - iter 40/44 - loss 0.10791662 - samples/sec: 33.11 - lr: 0.100000
2021-09-20 09:38:04,683 epoch 23 - iter 44/44 - loss 0.10635881 - samples/sec: 33.74 - lr: 0.100000
2021-09-20 09:38:04,684 ----------------------------------------------------------------------------------------------------
2021-09-20 09:38:04,687 EPOCH 23 done: loss 0.1064 - lr 0.1000000
2021-09-20 09:38:10,493 DEV : loss 0.07937230169773102 - f1-score (micro avg)  0.8608
2021-09-20 09:38:10,508 BAD EPOCHS (no improvement): 0
2021-09-20 09:38:10,509 saving best model
2021-09-20 09:38:11,221 ----------------------------------------------------------------------------------------------------
2021-09-20 09:38:14,867 epoch 24 - iter 4/44 - loss 0.10310439 - samples/sec: 35.17 - lr: 0.100000
2021-09-20 09:38:19,200 epoch 24 - iter 8/44 - loss 0.10056906 - samples/sec: 29.57 - lr: 0.100000
2021-09-20 09:38:21,390 epoch 24 - iter 12/44 - loss 0.10066829 - samples/sec: 58.76 - lr: 0.100000
2021-09-20 09:38:24,428 epoch 24 - iter 16/44 - loss 0.10413577 - samples/sec: 42.18 - lr: 0.100000
2021-09-20 09:38:27,506 epoch 24 - iter 20/44 - loss 0.10183582 - samples/sec: 41.62 - lr: 0.100000
2021-09-20 09:38:32,948 epoch 24 - iter 24/44 - loss 0.09831342 - samples/sec: 23.53 - lr: 0.100000
2021-09-20 09:38:38,320 epoch 24 - iter 28/44 - loss 0.09874920 - samples/sec: 23.84 - lr: 0.100000
2021-09-20 09:38:41,102 epoch 24 - iter 32/44 - loss 0.09986018 - samples/sec: 46.04 - lr: 0.100000
2021-09-20 09:38:45,451 epoch 24 - iter 36/44 - loss 0.09987762 - samples/sec: 29.46 - lr: 0.100000
2021-09-20 09:38:50,022 epoch 24 - iter 40/44 - loss 0.10025744 - samples/sec: 28.01 - lr: 0.100000
2021-09-20 09:38:53,359 epoch 24 - iter 44/44 - loss 0.10010270 - samples/sec: 38.39 - lr: 0.100000
2021-09-20 09:38:53,361 ----------------------------------------------------------------------------------------------------
2021-09-20 09:38:53,364 EPOCH 24 done: loss 0.1001 - lr 0.1000000
2021-09-20 09:38:59,124 DEV : loss 0.0790344700217247 - f1-score (micro avg)  0.8576
2021-09-20 09:38:59,137 BAD EPOCHS (no improvement): 1
2021-09-20 09:38:59,140 ----------------------------------------------------------------------------------------------------
2021-09-20 09:39:03,300 epoch 25 - iter 4/44 - loss 0.08400286 - samples/sec: 30.86 - lr: 0.100000
2021-09-20 09:39:06,386 epoch 25 - iter 8/44 - loss 0.10039840 - samples/sec: 41.53 - lr: 0.100000
2021-09-20 09:39:09,343 epoch 25 - iter 12/44 - loss 0.09674025 - samples/sec: 43.33 - lr: 0.100000
2021-09-20 09:39:13,903 epoch 25 - iter 16/44 - loss 0.09509639 - samples/sec: 28.08 - lr: 0.100000
2021-09-20 09:39:17,695 epoch 25 - iter 20/44 - loss 0.09627444 - samples/sec: 33.78 - lr: 0.100000
2021-09-20 09:39:21,945 epoch 25 - iter 24/44 - loss 0.09505036 - samples/sec: 30.14 - lr: 0.100000
2021-09-20 09:39:25,644 epoch 25 - iter 28/44 - loss 0.09549851 - samples/sec: 34.63 - lr: 0.100000
2021-09-20 09:39:29,325 epoch 25 - iter 32/44 - loss 0.09813808 - samples/sec: 34.80 - lr: 0.100000
2021-09-20 09:39:32,580 epoch 25 - iter 36/44 - loss 0.09559758 - samples/sec: 39.37 - lr: 0.100000
2021-09-20 09:39:37,138 epoch 25 - iter 40/44 - loss 0.09703871 - samples/sec: 28.10 - lr: 0.100000
2021-09-20 09:39:39,594 epoch 25 - iter 44/44 - loss 0.09798496 - samples/sec: 52.18 - lr: 0.100000
2021-09-20 09:39:39,596 ----------------------------------------------------------------------------------------------------
2021-09-20 09:39:39,602 EPOCH 25 done: loss 0.0980 - lr 0.1000000
2021-09-20 09:39:45,811 DEV : loss 0.0749165341258049 - f1-score (micro avg)  0.8642
2021-09-20 09:39:45,824 BAD EPOCHS (no improvement): 0
2021-09-20 09:39:45,826 saving best model
2021-09-20 09:39:46,515 ----------------------------------------------------------------------------------------------------
2021-09-20 09:39:50,718 epoch 26 - iter 4/44 - loss 0.08318132 - samples/sec: 30.49 - lr: 0.100000
2021-09-20 09:39:55,498 epoch 26 - iter 8/44 - loss 0.08950169 - samples/sec: 26.79 - lr: 0.100000
2021-09-20 09:39:59,498 epoch 26 - iter 12/44 - loss 0.08505384 - samples/sec: 32.03 - lr: 0.100000
2021-09-20 09:40:04,683 epoch 26 - iter 16/44 - loss 0.08953995 - samples/sec: 24.70 - lr: 0.100000
2021-09-20 09:40:07,697 epoch 26 - iter 20/44 - loss 0.09463019 - samples/sec: 42.50 - lr: 0.100000
2021-09-20 09:40:09,900 epoch 26 - iter 24/44 - loss 0.09543565 - samples/sec: 58.21 - lr: 0.100000
2021-09-20 09:40:13,171 epoch 26 - iter 28/44 - loss 0.09608405 - samples/sec: 39.19 - lr: 0.100000
2021-09-20 09:40:16,567 epoch 26 - iter 32/44 - loss 0.09492427 - samples/sec: 37.73 - lr: 0.100000
2021-09-20 09:40:20,615 epoch 26 - iter 36/44 - loss 0.09578156 - samples/sec: 31.63 - lr: 0.100000
2021-09-20 09:40:23,921 epoch 26 - iter 40/44 - loss 0.09669703 - samples/sec: 38.74 - lr: 0.100000
2021-09-20 09:40:26,784 epoch 26 - iter 44/44 - loss 0.09603494 - samples/sec: 44.77 - lr: 0.100000
2021-09-20 09:40:26,791 ----------------------------------------------------------------------------------------------------
2021-09-20 09:40:26,794 EPOCH 26 done: loss 0.0960 - lr 0.1000000
2021-09-20 09:40:32,567 DEV : loss 0.08000291138887405 - f1-score (micro avg)  0.8562
2021-09-20 09:40:32,581 BAD EPOCHS (no improvement): 1
2021-09-20 09:40:32,583 ----------------------------------------------------------------------------------------------------
2021-09-20 09:40:37,228 epoch 27 - iter 4/44 - loss 0.10463627 - samples/sec: 27.59 - lr: 0.100000
2021-09-20 09:40:42,356 epoch 27 - iter 8/44 - loss 0.09839346 - samples/sec: 24.97 - lr: 0.100000
2021-09-20 09:40:45,155 epoch 27 - iter 12/44 - loss 0.09415581 - samples/sec: 45.77 - lr: 0.100000
2021-09-20 09:40:48,033 epoch 27 - iter 16/44 - loss 0.09358547 - samples/sec: 44.55 - lr: 0.100000
2021-09-20 09:40:51,024 epoch 27 - iter 20/44 - loss 0.09439839 - samples/sec: 42.84 - lr: 0.100000
2021-09-20 09:40:53,637 epoch 27 - iter 24/44 - loss 0.09326991 - samples/sec: 49.03 - lr: 0.100000
2021-09-20 09:40:57,403 epoch 27 - iter 28/44 - loss 0.09621183 - samples/sec: 34.01 - lr: 0.100000
2021-09-20 09:41:01,587 epoch 27 - iter 32/44 - loss 0.09670554 - samples/sec: 30.61 - lr: 0.100000
2021-09-20 09:41:06,122 epoch 27 - iter 36/44 - loss 0.09552168 - samples/sec: 28.25 - lr: 0.100000
2021-09-20 09:41:10,179 epoch 27 - iter 40/44 - loss 0.09481556 - samples/sec: 31.57 - lr: 0.100000
2021-09-20 09:41:13,588 epoch 27 - iter 44/44 - loss 0.09643490 - samples/sec: 37.58 - lr: 0.100000
2021-09-20 09:41:13,590 ----------------------------------------------------------------------------------------------------
2021-09-20 09:41:13,594 EPOCH 27 done: loss 0.0964 - lr 0.1000000
2021-09-20 09:41:19,839 DEV : loss 0.08233975619077682 - f1-score (micro avg)  0.8569
2021-09-20 09:41:19,852 BAD EPOCHS (no improvement): 2
2021-09-20 09:41:19,854 ----------------------------------------------------------------------------------------------------
2021-09-20 09:41:23,753 epoch 28 - iter 4/44 - loss 0.07944746 - samples/sec: 32.90 - lr: 0.100000
2021-09-20 09:41:28,194 epoch 28 - iter 8/44 - loss 0.08928945 - samples/sec: 28.84 - lr: 0.100000
2021-09-20 09:41:31,903 epoch 28 - iter 12/44 - loss 0.09625989 - samples/sec: 34.54 - lr: 0.100000
2021-09-20 09:41:35,255 epoch 28 - iter 16/44 - loss 0.09888816 - samples/sec: 38.21 - lr: 0.100000
2021-09-20 09:41:39,964 epoch 28 - iter 20/44 - loss 0.09457650 - samples/sec: 27.21 - lr: 0.100000
2021-09-20 09:41:43,848 epoch 28 - iter 24/44 - loss 0.09683057 - samples/sec: 32.97 - lr: 0.100000
2021-09-20 09:41:47,310 epoch 28 - iter 28/44 - loss 0.09426480 - samples/sec: 37.00 - lr: 0.100000
2021-09-20 09:41:51,183 epoch 28 - iter 32/44 - loss 0.09301256 - samples/sec: 33.07 - lr: 0.100000
2021-09-20 09:41:53,528 epoch 28 - iter 36/44 - loss 0.09274607 - samples/sec: 54.71 - lr: 0.100000
2021-09-20 09:41:57,096 epoch 28 - iter 40/44 - loss 0.09204548 - samples/sec: 35.90 - lr: 0.100000
2021-09-20 09:42:01,928 epoch 28 - iter 44/44 - loss 0.09073006 - samples/sec: 26.50 - lr: 0.100000
2021-09-20 09:42:01,932 ----------------------------------------------------------------------------------------------------
2021-09-20 09:42:01,935 EPOCH 28 done: loss 0.0907 - lr 0.1000000
2021-09-20 09:42:07,770 DEV : loss 0.07076564431190491 - f1-score (micro avg)  0.8657
2021-09-20 09:42:07,785 BAD EPOCHS (no improvement): 0
2021-09-20 09:42:07,787 saving best model
2021-09-20 09:42:08,512 ----------------------------------------------------------------------------------------------------
2021-09-20 09:42:12,241 epoch 29 - iter 4/44 - loss 0.10522451 - samples/sec: 34.36 - lr: 0.100000
2021-09-20 09:42:17,906 epoch 29 - iter 8/44 - loss 0.09022287 - samples/sec: 22.61 - lr: 0.100000
2021-09-20 09:42:21,691 epoch 29 - iter 12/44 - loss 0.08802270 - samples/sec: 33.84 - lr: 0.100000
2021-09-20 09:42:25,337 epoch 29 - iter 16/44 - loss 0.08768189 - samples/sec: 35.15 - lr: 0.100000
2021-09-20 09:42:27,936 epoch 29 - iter 20/44 - loss 0.08775973 - samples/sec: 49.34 - lr: 0.100000
2021-09-20 09:42:32,059 epoch 29 - iter 24/44 - loss 0.08805754 - samples/sec: 31.06 - lr: 0.100000
2021-09-20 09:42:36,267 epoch 29 - iter 28/44 - loss 0.08674838 - samples/sec: 30.47 - lr: 0.100000
2021-09-20 09:42:39,751 epoch 29 - iter 32/44 - loss 0.08755436 - samples/sec: 36.83 - lr: 0.100000
2021-09-20 09:42:42,989 epoch 29 - iter 36/44 - loss 0.08791622 - samples/sec: 39.56 - lr: 0.100000
2021-09-20 09:42:47,525 epoch 29 - iter 40/44 - loss 0.08796638 - samples/sec: 28.24 - lr: 0.100000
2021-09-20 09:42:50,960 epoch 29 - iter 44/44 - loss 0.08916342 - samples/sec: 37.34 - lr: 0.100000
2021-09-20 09:42:50,964 ----------------------------------------------------------------------------------------------------
2021-09-20 09:42:50,968 EPOCH 29 done: loss 0.0892 - lr 0.1000000
2021-09-20 09:42:56,791 DEV : loss 0.07757983356714249 - f1-score (micro avg)  0.863
2021-09-20 09:42:56,807 BAD EPOCHS (no improvement): 1
2021-09-20 09:42:56,809 ----------------------------------------------------------------------------------------------------
2021-09-20 09:43:00,966 epoch 30 - iter 4/44 - loss 0.08043361 - samples/sec: 30.84 - lr: 0.100000
2021-09-20 09:43:06,199 epoch 30 - iter 8/44 - loss 0.09218029 - samples/sec: 24.48 - lr: 0.100000
2021-09-20 09:43:09,030 epoch 30 - iter 12/44 - loss 0.08962437 - samples/sec: 45.26 - lr: 0.100000
2021-09-20 09:43:13,450 epoch 30 - iter 16/44 - loss 0.08979709 - samples/sec: 28.99 - lr: 0.100000
2021-09-20 09:43:16,673 epoch 30 - iter 20/44 - loss 0.08857766 - samples/sec: 39.75 - lr: 0.100000
2021-09-20 09:43:20,494 epoch 30 - iter 24/44 - loss 0.08636828 - samples/sec: 33.53 - lr: 0.100000
2021-09-20 09:43:23,333 epoch 30 - iter 28/44 - loss 0.08751924 - samples/sec: 45.14 - lr: 0.100000
2021-09-20 09:43:27,300 epoch 30 - iter 32/44 - loss 0.08597255 - samples/sec: 32.29 - lr: 0.100000
2021-09-20 09:43:30,687 epoch 30 - iter 36/44 - loss 0.08610317 - samples/sec: 37.82 - lr: 0.100000
2021-09-20 09:43:34,392 epoch 30 - iter 40/44 - loss 0.08773224 - samples/sec: 34.58 - lr: 0.100000
2021-09-20 09:43:37,837 epoch 30 - iter 44/44 - loss 0.09036830 - samples/sec: 37.19 - lr: 0.100000
2021-09-20 09:43:37,840 ----------------------------------------------------------------------------------------------------
2021-09-20 09:43:37,846 EPOCH 30 done: loss 0.0904 - lr 0.1000000
2021-09-20 09:43:44,145 DEV : loss 0.07333012670278549 - f1-score (micro avg)  0.8701
2021-09-20 09:43:44,162 BAD EPOCHS (no improvement): 0
2021-09-20 09:43:44,164 saving best model
2021-09-20 09:43:44,907 ----------------------------------------------------------------------------------------------------
2021-09-20 09:43:50,137 epoch 31 - iter 4/44 - loss 0.09191013 - samples/sec: 24.50 - lr: 0.100000
2021-09-20 09:43:53,662 epoch 31 - iter 8/44 - loss 0.08411133 - samples/sec: 36.34 - lr: 0.100000
2021-09-20 09:43:56,719 epoch 31 - iter 12/44 - loss 0.08054842 - samples/sec: 41.92 - lr: 0.100000
2021-09-20 09:43:59,353 epoch 31 - iter 16/44 - loss 0.08182936 - samples/sec: 48.63 - lr: 0.100000
2021-09-20 09:44:02,595 epoch 31 - iter 20/44 - loss 0.08352429 - samples/sec: 39.51 - lr: 0.100000
2021-09-20 09:44:05,150 epoch 31 - iter 24/44 - loss 0.08613894 - samples/sec: 50.17 - lr: 0.100000
2021-09-20 09:44:09,954 epoch 31 - iter 28/44 - loss 0.08503683 - samples/sec: 26.65 - lr: 0.100000
2021-09-20 09:44:13,241 epoch 31 - iter 32/44 - loss 0.08465780 - samples/sec: 38.98 - lr: 0.100000
2021-09-20 09:44:16,710 epoch 31 - iter 36/44 - loss 0.08577849 - samples/sec: 36.97 - lr: 0.100000
2021-09-20 09:44:22,130 epoch 31 - iter 40/44 - loss 0.08723991 - samples/sec: 23.63 - lr: 0.100000
2021-09-20 09:44:24,487 epoch 31 - iter 44/44 - loss 0.08721460 - samples/sec: 54.38 - lr: 0.100000
2021-09-20 09:44:24,489 ----------------------------------------------------------------------------------------------------
2021-09-20 09:44:24,492 EPOCH 31 done: loss 0.0872 - lr 0.1000000
2021-09-20 09:44:30,277 DEV : loss 0.0683707669377327 - f1-score (micro avg)  0.8842
2021-09-20 09:44:30,290 BAD EPOCHS (no improvement): 0
2021-09-20 09:44:30,292 saving best model
2021-09-20 09:44:30,982 ----------------------------------------------------------------------------------------------------
2021-09-20 09:44:34,446 epoch 32 - iter 4/44 - loss 0.10678686 - samples/sec: 37.11 - lr: 0.100000
2021-09-20 09:44:39,265 epoch 32 - iter 8/44 - loss 0.08447956 - samples/sec: 26.58 - lr: 0.100000
2021-09-20 09:44:41,840 epoch 32 - iter 12/44 - loss 0.07879872 - samples/sec: 49.78 - lr: 0.100000
2021-09-20 09:44:44,774 epoch 32 - iter 16/44 - loss 0.07938158 - samples/sec: 43.70 - lr: 0.100000
2021-09-20 09:44:49,262 epoch 32 - iter 20/44 - loss 0.08117778 - samples/sec: 28.55 - lr: 0.100000
2021-09-20 09:44:52,720 epoch 32 - iter 24/44 - loss 0.08211462 - samples/sec: 37.05 - lr: 0.100000
2021-09-20 09:44:56,184 epoch 32 - iter 28/44 - loss 0.08296485 - samples/sec: 36.98 - lr: 0.100000
2021-09-20 09:44:59,396 epoch 32 - iter 32/44 - loss 0.08232683 - samples/sec: 39.89 - lr: 0.100000
2021-09-20 09:45:02,382 epoch 32 - iter 36/44 - loss 0.08297011 - samples/sec: 42.91 - lr: 0.100000
2021-09-20 09:45:05,889 epoch 32 - iter 40/44 - loss 0.08263939 - samples/sec: 36.53 - lr: 0.100000
2021-09-20 09:45:09,882 epoch 32 - iter 44/44 - loss 0.08352512 - samples/sec: 32.07 - lr: 0.100000
2021-09-20 09:45:09,885 ----------------------------------------------------------------------------------------------------
2021-09-20 09:45:09,888 EPOCH 32 done: loss 0.0835 - lr 0.1000000
2021-09-20 09:45:15,689 DEV : loss 0.0824524313211441 - f1-score (micro avg)  0.8466
2021-09-20 09:45:15,704 BAD EPOCHS (no improvement): 1
2021-09-20 09:45:15,706 ----------------------------------------------------------------------------------------------------
2021-09-20 09:45:19,269 epoch 33 - iter 4/44 - loss 0.08696662 - samples/sec: 35.98 - lr: 0.100000
2021-09-20 09:45:22,192 epoch 33 - iter 8/44 - loss 0.08419688 - samples/sec: 43.81 - lr: 0.100000
2021-09-20 09:45:27,209 epoch 33 - iter 12/44 - loss 0.08243010 - samples/sec: 25.53 - lr: 0.100000
2021-09-20 09:45:32,146 epoch 33 - iter 16/44 - loss 0.08053483 - samples/sec: 25.94 - lr: 0.100000
2021-09-20 09:45:34,994 epoch 33 - iter 20/44 - loss 0.08243493 - samples/sec: 44.98 - lr: 0.100000
2021-09-20 09:45:38,350 epoch 33 - iter 24/44 - loss 0.08480566 - samples/sec: 38.17 - lr: 0.100000
2021-09-20 09:45:42,272 epoch 33 - iter 28/44 - loss 0.08526294 - samples/sec: 32.66 - lr: 0.100000
2021-09-20 09:45:45,752 epoch 33 - iter 32/44 - loss 0.08424162 - samples/sec: 36.82 - lr: 0.100000
2021-09-20 09:45:49,351 epoch 33 - iter 36/44 - loss 0.08392116 - samples/sec: 35.58 - lr: 0.100000
2021-09-20 09:45:52,585 epoch 33 - iter 40/44 - loss 0.08359058 - samples/sec: 39.61 - lr: 0.100000
2021-09-20 09:45:53,853 epoch 33 - iter 44/44 - loss 0.08367549 - samples/sec: 101.11 - lr: 0.100000
2021-09-20 09:45:53,855 ----------------------------------------------------------------------------------------------------
2021-09-20 09:45:53,858 EPOCH 33 done: loss 0.0837 - lr 0.1000000
2021-09-20 09:46:00,092 DEV : loss 0.07012578845024109 - f1-score (micro avg)  0.8752
2021-09-20 09:46:00,104 BAD EPOCHS (no improvement): 2
2021-09-20 09:46:00,106 ----------------------------------------------------------------------------------------------------
2021-09-20 09:46:03,876 epoch 34 - iter 4/44 - loss 0.09126714 - samples/sec: 33.98 - lr: 0.100000
2021-09-20 09:46:08,046 epoch 34 - iter 8/44 - loss 0.08205500 - samples/sec: 30.71 - lr: 0.100000
2021-09-20 09:46:11,623 epoch 34 - iter 12/44 - loss 0.08262315 - samples/sec: 35.81 - lr: 0.100000
2021-09-20 09:46:15,267 epoch 34 - iter 16/44 - loss 0.07621032 - samples/sec: 35.15 - lr: 0.100000
2021-09-20 09:46:18,455 epoch 34 - iter 20/44 - loss 0.07834821 - samples/sec: 40.17 - lr: 0.100000
2021-09-20 09:46:21,613 epoch 34 - iter 24/44 - loss 0.07877286 - samples/sec: 40.64 - lr: 0.100000
2021-09-20 09:46:26,992 epoch 34 - iter 28/44 - loss 0.08021266 - samples/sec: 23.80 - lr: 0.100000
2021-09-20 09:46:30,096 epoch 34 - iter 32/44 - loss 0.07940119 - samples/sec: 41.28 - lr: 0.100000
2021-09-20 09:46:35,156 epoch 34 - iter 36/44 - loss 0.07954369 - samples/sec: 25.31 - lr: 0.100000
2021-09-20 09:46:38,616 epoch 34 - iter 40/44 - loss 0.07985713 - samples/sec: 37.10 - lr: 0.100000
2021-09-20 09:46:40,055 epoch 34 - iter 44/44 - loss 0.07974677 - samples/sec: 89.10 - lr: 0.100000
2021-09-20 09:46:40,057 ----------------------------------------------------------------------------------------------------
2021-09-20 09:46:40,062 EPOCH 34 done: loss 0.0797 - lr 0.1000000
2021-09-20 09:46:45,757 DEV : loss 0.07422241568565369 - f1-score (micro avg)  0.8808
2021-09-20 09:46:45,771 BAD EPOCHS (no improvement): 3
2021-09-20 09:46:45,773 ----------------------------------------------------------------------------------------------------
2021-09-20 09:46:51,077 epoch 35 - iter 4/44 - loss 0.06749491 - samples/sec: 24.18 - lr: 0.100000
2021-09-20 09:46:54,057 epoch 35 - iter 8/44 - loss 0.08242287 - samples/sec: 42.98 - lr: 0.100000
2021-09-20 09:46:57,137 epoch 35 - iter 12/44 - loss 0.08356069 - samples/sec: 41.61 - lr: 0.100000
2021-09-20 09:47:01,344 epoch 35 - iter 16/44 - loss 0.09075350 - samples/sec: 30.45 - lr: 0.100000
2021-09-20 09:47:04,122 epoch 35 - iter 20/44 - loss 0.08675544 - samples/sec: 46.13 - lr: 0.100000
2021-09-20 09:47:06,241 epoch 35 - iter 24/44 - loss 0.08537942 - samples/sec: 60.47 - lr: 0.100000
2021-09-20 09:47:11,565 epoch 35 - iter 28/44 - loss 0.08254418 - samples/sec: 24.05 - lr: 0.100000
2021-09-20 09:47:14,566 epoch 35 - iter 32/44 - loss 0.08065746 - samples/sec: 42.68 - lr: 0.100000
2021-09-20 09:47:18,562 epoch 35 - iter 36/44 - loss 0.08125080 - samples/sec: 32.05 - lr: 0.100000
2021-09-20 09:47:23,425 epoch 35 - iter 40/44 - loss 0.07913194 - samples/sec: 26.35 - lr: 0.100000
2021-09-20 09:47:26,645 epoch 35 - iter 44/44 - loss 0.07946166 - samples/sec: 39.79 - lr: 0.100000
2021-09-20 09:47:26,647 ----------------------------------------------------------------------------------------------------
2021-09-20 09:47:26,650 EPOCH 35 done: loss 0.0795 - lr 0.1000000
2021-09-20 09:47:32,882 DEV : loss 0.0678538978099823 - f1-score (micro avg)  0.8806
2021-09-20 09:47:32,891 BAD EPOCHS (no improvement): 4
2021-09-20 09:47:32,893 ----------------------------------------------------------------------------------------------------
2021-09-20 09:47:35,472 epoch 36 - iter 4/44 - loss 0.06038431 - samples/sec: 49.77 - lr: 0.050000
2021-09-20 09:47:38,766 epoch 36 - iter 8/44 - loss 0.07194220 - samples/sec: 38.89 - lr: 0.050000
2021-09-20 09:47:42,345 epoch 36 - iter 12/44 - loss 0.07242047 - samples/sec: 35.79 - lr: 0.050000
2021-09-20 09:47:46,420 epoch 36 - iter 16/44 - loss 0.07439684 - samples/sec: 31.43 - lr: 0.050000
2021-09-20 09:47:50,192 epoch 36 - iter 20/44 - loss 0.07247770 - samples/sec: 33.96 - lr: 0.050000
2021-09-20 09:47:54,982 epoch 36 - iter 24/44 - loss 0.07104939 - samples/sec: 26.74 - lr: 0.050000
2021-09-20 09:47:59,362 epoch 36 - iter 28/44 - loss 0.06940086 - samples/sec: 29.24 - lr: 0.050000
2021-09-20 09:48:03,157 epoch 36 - iter 32/44 - loss 0.06986276 - samples/sec: 33.76 - lr: 0.050000
2021-09-20 09:48:05,737 epoch 36 - iter 36/44 - loss 0.07000602 - samples/sec: 49.65 - lr: 0.050000
2021-09-20 09:48:09,842 epoch 36 - iter 40/44 - loss 0.06889350 - samples/sec: 31.20 - lr: 0.050000
2021-09-20 09:48:13,687 epoch 36 - iter 44/44 - loss 0.06927005 - samples/sec: 33.32 - lr: 0.050000
2021-09-20 09:48:13,689 ----------------------------------------------------------------------------------------------------
2021-09-20 09:48:13,698 EPOCH 36 done: loss 0.0693 - lr 0.0500000
2021-09-20 09:48:19,398 DEV : loss 0.06460761278867722 - f1-score (micro avg)  0.8849
2021-09-20 09:48:19,414 BAD EPOCHS (no improvement): 0
2021-09-20 09:48:19,421 saving best model
2021-09-20 09:48:20,105 ----------------------------------------------------------------------------------------------------
2021-09-20 09:48:23,072 epoch 37 - iter 4/44 - loss 0.07190406 - samples/sec: 43.30 - lr: 0.050000
2021-09-20 09:48:25,656 epoch 37 - iter 8/44 - loss 0.06266372 - samples/sec: 49.59 - lr: 0.050000
2021-09-20 09:48:29,040 epoch 37 - iter 12/44 - loss 0.06387763 - samples/sec: 37.85 - lr: 0.050000
2021-09-20 09:48:32,649 epoch 37 - iter 16/44 - loss 0.06588614 - samples/sec: 35.50 - lr: 0.050000
2021-09-20 09:48:35,490 epoch 37 - iter 20/44 - loss 0.07219377 - samples/sec: 45.15 - lr: 0.050000
2021-09-20 09:48:41,797 epoch 37 - iter 24/44 - loss 0.07174558 - samples/sec: 20.31 - lr: 0.050000
2021-09-20 09:48:45,107 epoch 37 - iter 28/44 - loss 0.07158583 - samples/sec: 38.69 - lr: 0.050000
2021-09-20 09:48:49,524 epoch 37 - iter 32/44 - loss 0.07057343 - samples/sec: 29.01 - lr: 0.050000
2021-09-20 09:48:54,302 epoch 37 - iter 36/44 - loss 0.07155847 - samples/sec: 26.80 - lr: 0.050000
2021-09-20 09:48:57,020 epoch 37 - iter 40/44 - loss 0.07137038 - samples/sec: 47.13 - lr: 0.050000
2021-09-20 09:49:00,024 epoch 37 - iter 44/44 - loss 0.07106639 - samples/sec: 42.64 - lr: 0.050000
2021-09-20 09:49:00,026 ----------------------------------------------------------------------------------------------------
2021-09-20 09:49:00,031 EPOCH 37 done: loss 0.0711 - lr 0.0500000
2021-09-20 09:49:05,728 DEV : loss 0.06689620763063431 - f1-score (micro avg)  0.8899
2021-09-20 09:49:05,742 BAD EPOCHS (no improvement): 0
2021-09-20 09:49:05,744 saving best model
2021-09-20 09:49:06,425 ----------------------------------------------------------------------------------------------------
2021-09-20 09:49:08,953 epoch 38 - iter 4/44 - loss 0.06742466 - samples/sec: 50.73 - lr: 0.050000
2021-09-20 09:49:14,556 epoch 38 - iter 8/44 - loss 0.06961610 - samples/sec: 22.86 - lr: 0.050000
2021-09-20 09:49:17,440 epoch 38 - iter 12/44 - loss 0.07199418 - samples/sec: 44.43 - lr: 0.050000
2021-09-20 09:49:20,821 epoch 38 - iter 16/44 - loss 0.07266713 - samples/sec: 37.97 - lr: 0.050000
2021-09-20 09:49:24,871 epoch 38 - iter 20/44 - loss 0.07180459 - samples/sec: 31.62 - lr: 0.050000
2021-09-20 09:49:27,370 epoch 38 - iter 24/44 - loss 0.07027957 - samples/sec: 51.29 - lr: 0.050000
2021-09-20 09:49:30,755 epoch 38 - iter 28/44 - loss 0.06874316 - samples/sec: 37.85 - lr: 0.050000
2021-09-20 09:49:34,393 epoch 38 - iter 32/44 - loss 0.06793330 - samples/sec: 35.21 - lr: 0.050000
2021-09-20 09:49:37,886 epoch 38 - iter 36/44 - loss 0.06736608 - samples/sec: 36.69 - lr: 0.050000
2021-09-20 09:49:42,447 epoch 38 - iter 40/44 - loss 0.06745681 - samples/sec: 28.08 - lr: 0.050000
2021-09-20 09:49:45,857 epoch 38 - iter 44/44 - loss 0.06690209 - samples/sec: 37.56 - lr: 0.050000
2021-09-20 09:49:45,860 ----------------------------------------------------------------------------------------------------
2021-09-20 09:49:45,868 EPOCH 38 done: loss 0.0669 - lr 0.0500000
2021-09-20 09:49:52,122 DEV : loss 0.06567283719778061 - f1-score (micro avg)  0.8909
2021-09-20 09:49:52,136 BAD EPOCHS (no improvement): 0
2021-09-20 09:49:52,137 saving best model
2021-09-20 09:49:52,844 ----------------------------------------------------------------------------------------------------
2021-09-20 09:49:57,209 epoch 39 - iter 4/44 - loss 0.07628340 - samples/sec: 29.34 - lr: 0.050000
2021-09-20 09:50:01,633 epoch 39 - iter 8/44 - loss 0.06441150 - samples/sec: 28.96 - lr: 0.050000
2021-09-20 09:50:05,065 epoch 39 - iter 12/44 - loss 0.06044587 - samples/sec: 37.35 - lr: 0.050000
2021-09-20 09:50:08,576 epoch 39 - iter 16/44 - loss 0.06418825 - samples/sec: 36.50 - lr: 0.050000
2021-09-20 09:50:11,190 epoch 39 - iter 20/44 - loss 0.06389934 - samples/sec: 49.01 - lr: 0.050000
2021-09-20 09:50:15,878 epoch 39 - iter 24/44 - loss 0.06466191 - samples/sec: 27.32 - lr: 0.050000
2021-09-20 09:50:18,945 epoch 39 - iter 28/44 - loss 0.06544028 - samples/sec: 41.76 - lr: 0.050000
2021-09-20 09:50:22,654 epoch 39 - iter 32/44 - loss 0.06508238 - samples/sec: 34.54 - lr: 0.050000
2021-09-20 09:50:25,465 epoch 39 - iter 36/44 - loss 0.06604512 - samples/sec: 45.60 - lr: 0.050000
2021-09-20 09:50:30,168 epoch 39 - iter 40/44 - loss 0.06581935 - samples/sec: 27.23 - lr: 0.050000
2021-09-20 09:50:33,292 epoch 39 - iter 44/44 - loss 0.06522900 - samples/sec: 41.02 - lr: 0.050000
2021-09-20 09:50:33,297 ----------------------------------------------------------------------------------------------------
2021-09-20 09:50:33,300 EPOCH 39 done: loss 0.0652 - lr 0.0500000
2021-09-20 09:50:39,071 DEV : loss 0.06445548683404922 - f1-score (micro avg)  0.8884
2021-09-20 09:50:39,087 BAD EPOCHS (no improvement): 1
2021-09-20 09:50:39,088 ----------------------------------------------------------------------------------------------------
2021-09-20 09:50:41,716 epoch 40 - iter 4/44 - loss 0.06487609 - samples/sec: 48.78 - lr: 0.050000
2021-09-20 09:50:45,098 epoch 40 - iter 8/44 - loss 0.07095254 - samples/sec: 37.87 - lr: 0.050000
2021-09-20 09:50:50,159 epoch 40 - iter 12/44 - loss 0.06653472 - samples/sec: 25.32 - lr: 0.050000
2021-09-20 09:50:53,062 epoch 40 - iter 16/44 - loss 0.06517729 - samples/sec: 44.14 - lr: 0.050000
2021-09-20 09:50:56,561 epoch 40 - iter 20/44 - loss 0.06561678 - samples/sec: 36.60 - lr: 0.050000
2021-09-20 09:50:59,612 epoch 40 - iter 24/44 - loss 0.06575703 - samples/sec: 42.00 - lr: 0.050000
2021-09-20 09:51:03,608 epoch 40 - iter 28/44 - loss 0.06571435 - samples/sec: 32.05 - lr: 0.050000
2021-09-20 09:51:07,880 epoch 40 - iter 32/44 - loss 0.06792701 - samples/sec: 29.99 - lr: 0.050000
2021-09-20 09:51:10,178 epoch 40 - iter 36/44 - loss 0.06796303 - samples/sec: 55.80 - lr: 0.050000
2021-09-20 09:51:15,612 epoch 40 - iter 40/44 - loss 0.06677179 - samples/sec: 23.57 - lr: 0.050000
2021-09-20 09:51:18,549 epoch 40 - iter 44/44 - loss 0.06621640 - samples/sec: 43.62 - lr: 0.050000
2021-09-20 09:51:18,551 ----------------------------------------------------------------------------------------------------
2021-09-20 09:51:18,557 EPOCH 40 done: loss 0.0662 - lr 0.0500000
2021-09-20 09:51:24,737 DEV : loss 0.06500805169343948 - f1-score (micro avg)  0.8883
2021-09-20 09:51:24,753 BAD EPOCHS (no improvement): 2
2021-09-20 09:51:24,756 ----------------------------------------------------------------------------------------------------
2021-09-20 09:51:28,817 epoch 41 - iter 4/44 - loss 0.06203695 - samples/sec: 31.55 - lr: 0.050000
2021-09-20 09:51:32,841 epoch 41 - iter 8/44 - loss 0.06644314 - samples/sec: 31.84 - lr: 0.050000
2021-09-20 09:51:37,850 epoch 41 - iter 12/44 - loss 0.06130057 - samples/sec: 25.57 - lr: 0.050000
2021-09-20 09:51:42,290 epoch 41 - iter 16/44 - loss 0.05991307 - samples/sec: 28.84 - lr: 0.050000
2021-09-20 09:51:45,071 epoch 41 - iter 20/44 - loss 0.06105953 - samples/sec: 46.08 - lr: 0.050000
2021-09-20 09:51:47,925 epoch 41 - iter 24/44 - loss 0.06145981 - samples/sec: 44.92 - lr: 0.050000
2021-09-20 09:51:51,040 epoch 41 - iter 28/44 - loss 0.06302231 - samples/sec: 41.15 - lr: 0.050000
2021-09-20 09:51:55,407 epoch 41 - iter 32/44 - loss 0.06083864 - samples/sec: 29.35 - lr: 0.050000
2021-09-20 09:51:59,404 epoch 41 - iter 36/44 - loss 0.06299432 - samples/sec: 32.05 - lr: 0.050000
2021-09-20 09:52:02,379 epoch 41 - iter 40/44 - loss 0.06327526 - samples/sec: 43.05 - lr: 0.050000
2021-09-20 09:52:05,471 epoch 41 - iter 44/44 - loss 0.06310110 - samples/sec: 41.43 - lr: 0.050000
2021-09-20 09:52:05,474 ----------------------------------------------------------------------------------------------------
2021-09-20 09:52:05,477 EPOCH 41 done: loss 0.0631 - lr 0.0500000
2021-09-20 09:52:11,123 DEV : loss 0.06185254082083702 - f1-score (micro avg)  0.8902
2021-09-20 09:52:11,138 BAD EPOCHS (no improvement): 3
2021-09-20 09:52:11,140 ----------------------------------------------------------------------------------------------------
2021-09-20 09:52:14,274 epoch 42 - iter 4/44 - loss 0.05991266 - samples/sec: 40.90 - lr: 0.050000
2021-09-20 09:52:19,068 epoch 42 - iter 8/44 - loss 0.06003421 - samples/sec: 26.71 - lr: 0.050000
2021-09-20 09:52:22,172 epoch 42 - iter 12/44 - loss 0.05794091 - samples/sec: 41.27 - lr: 0.050000
2021-09-20 09:52:28,313 epoch 42 - iter 16/44 - loss 0.05818828 - samples/sec: 20.85 - lr: 0.050000
2021-09-20 09:52:31,124 epoch 42 - iter 20/44 - loss 0.06039873 - samples/sec: 45.59 - lr: 0.050000
2021-09-20 09:52:34,600 epoch 42 - iter 24/44 - loss 0.05992035 - samples/sec: 36.86 - lr: 0.050000
2021-09-20 09:52:38,252 epoch 42 - iter 28/44 - loss 0.06384390 - samples/sec: 35.06 - lr: 0.050000
2021-09-20 09:52:41,942 epoch 42 - iter 32/44 - loss 0.06480228 - samples/sec: 34.71 - lr: 0.050000
2021-09-20 09:52:45,351 epoch 42 - iter 36/44 - loss 0.06389794 - samples/sec: 37.58 - lr: 0.050000
2021-09-20 09:52:49,605 epoch 42 - iter 40/44 - loss 0.06321087 - samples/sec: 30.10 - lr: 0.050000
2021-09-20 09:52:51,965 epoch 42 - iter 44/44 - loss 0.06262758 - samples/sec: 54.31 - lr: 0.050000
2021-09-20 09:52:51,969 ----------------------------------------------------------------------------------------------------
2021-09-20 09:52:51,972 EPOCH 42 done: loss 0.0626 - lr 0.0500000
2021-09-20 09:52:57,774 DEV : loss 0.0649535059928894 - f1-score (micro avg)  0.888
2021-09-20 09:52:57,790 BAD EPOCHS (no improvement): 4
2021-09-20 09:52:57,792 ----------------------------------------------------------------------------------------------------
2021-09-20 09:53:00,349 epoch 43 - iter 4/44 - loss 0.05788891 - samples/sec: 50.14 - lr: 0.025000
2021-09-20 09:53:04,738 epoch 43 - iter 8/44 - loss 0.06165263 - samples/sec: 29.20 - lr: 0.025000
2021-09-20 09:53:10,694 epoch 43 - iter 12/44 - loss 0.05864443 - samples/sec: 21.50 - lr: 0.025000
2021-09-20 09:53:13,113 epoch 43 - iter 16/44 - loss 0.06078324 - samples/sec: 52.96 - lr: 0.025000
2021-09-20 09:53:16,824 epoch 43 - iter 20/44 - loss 0.05958762 - samples/sec: 34.53 - lr: 0.025000
2021-09-20 09:53:19,360 epoch 43 - iter 24/44 - loss 0.05993258 - samples/sec: 50.52 - lr: 0.025000
2021-09-20 09:53:23,608 epoch 43 - iter 28/44 - loss 0.06064874 - samples/sec: 30.16 - lr: 0.025000
2021-09-20 09:53:27,887 epoch 43 - iter 32/44 - loss 0.06032916 - samples/sec: 29.94 - lr: 0.025000
2021-09-20 09:53:30,757 epoch 43 - iter 36/44 - loss 0.06022064 - samples/sec: 44.63 - lr: 0.025000
2021-09-20 09:53:35,102 epoch 43 - iter 40/44 - loss 0.06056404 - samples/sec: 29.48 - lr: 0.025000
2021-09-20 09:53:38,264 epoch 43 - iter 44/44 - loss 0.05999938 - samples/sec: 40.51 - lr: 0.025000
2021-09-20 09:53:38,267 ----------------------------------------------------------------------------------------------------
2021-09-20 09:53:38,272 EPOCH 43 done: loss 0.0600 - lr 0.0250000
2021-09-20 09:53:44,558 DEV : loss 0.062356218695640564 - f1-score (micro avg)  0.8941
2021-09-20 09:53:44,573 BAD EPOCHS (no improvement): 0
2021-09-20 09:53:44,575 saving best model
2021-09-20 09:53:45,266 ----------------------------------------------------------------------------------------------------
2021-09-20 09:53:48,398 epoch 44 - iter 4/44 - loss 0.08411897 - samples/sec: 40.91 - lr: 0.025000
2021-09-20 09:53:52,512 epoch 44 - iter 8/44 - loss 0.06525559 - samples/sec: 31.13 - lr: 0.025000
2021-09-20 09:53:55,961 epoch 44 - iter 12/44 - loss 0.06642834 - samples/sec: 37.15 - lr: 0.025000
2021-09-20 09:53:59,429 epoch 44 - iter 16/44 - loss 0.06548380 - samples/sec: 36.94 - lr: 0.025000
2021-09-20 09:54:02,508 epoch 44 - iter 20/44 - loss 0.06296583 - samples/sec: 41.61 - lr: 0.025000
2021-09-20 09:54:05,409 epoch 44 - iter 24/44 - loss 0.06418721 - samples/sec: 44.16 - lr: 0.025000
2021-09-20 09:54:09,724 epoch 44 - iter 28/44 - loss 0.06314237 - samples/sec: 29.69 - lr: 0.025000
2021-09-20 09:54:13,483 epoch 44 - iter 32/44 - loss 0.06152156 - samples/sec: 34.07 - lr: 0.025000
2021-09-20 09:54:16,971 epoch 44 - iter 36/44 - loss 0.06112133 - samples/sec: 36.75 - lr: 0.025000
2021-09-20 09:54:20,369 epoch 44 - iter 40/44 - loss 0.06087317 - samples/sec: 37.69 - lr: 0.025000
2021-09-20 09:54:23,825 epoch 44 - iter 44/44 - loss 0.06064895 - samples/sec: 37.06 - lr: 0.025000
2021-09-20 09:54:23,830 ----------------------------------------------------------------------------------------------------
2021-09-20 09:54:23,838 EPOCH 44 done: loss 0.0606 - lr 0.0250000
2021-09-20 09:54:29,600 DEV : loss 0.06187225133180618 - f1-score (micro avg)  0.893
2021-09-20 09:54:29,615 BAD EPOCHS (no improvement): 1
2021-09-20 09:54:29,616 ----------------------------------------------------------------------------------------------------
2021-09-20 09:54:32,161 epoch 45 - iter 4/44 - loss 0.05944828 - samples/sec: 50.50 - lr: 0.025000
2021-09-20 09:54:36,005 epoch 45 - iter 8/44 - loss 0.05726026 - samples/sec: 33.32 - lr: 0.025000
2021-09-20 09:54:39,907 epoch 45 - iter 12/44 - loss 0.05710506 - samples/sec: 32.82 - lr: 0.025000
2021-09-20 09:54:44,637 epoch 45 - iter 16/44 - loss 0.05943279 - samples/sec: 27.10 - lr: 0.025000
2021-09-20 09:54:47,248 epoch 45 - iter 20/44 - loss 0.05668112 - samples/sec: 49.08 - lr: 0.025000
2021-09-20 09:54:51,427 epoch 45 - iter 24/44 - loss 0.05715836 - samples/sec: 30.67 - lr: 0.025000
2021-09-20 09:54:55,117 epoch 45 - iter 28/44 - loss 0.05667570 - samples/sec: 34.74 - lr: 0.025000
2021-09-20 09:54:59,872 epoch 45 - iter 32/44 - loss 0.05675839 - samples/sec: 26.94 - lr: 0.025000
2021-09-20 09:55:03,862 epoch 45 - iter 36/44 - loss 0.05652384 - samples/sec: 32.10 - lr: 0.025000
2021-09-20 09:55:07,093 epoch 45 - iter 40/44 - loss 0.05746335 - samples/sec: 39.65 - lr: 0.025000
2021-09-20 09:55:11,064 epoch 45 - iter 44/44 - loss 0.05765190 - samples/sec: 32.26 - lr: 0.025000
2021-09-20 09:55:11,067 ----------------------------------------------------------------------------------------------------
2021-09-20 09:55:11,074 EPOCH 45 done: loss 0.0577 - lr 0.0250000
2021-09-20 09:55:16,846 DEV : loss 0.0632217526435852 - f1-score (micro avg)  0.8935
2021-09-20 09:55:16,860 BAD EPOCHS (no improvement): 2
2021-09-20 09:55:16,862 ----------------------------------------------------------------------------------------------------
2021-09-20 09:55:22,620 epoch 46 - iter 4/44 - loss 0.05671786 - samples/sec: 22.24 - lr: 0.025000
2021-09-20 09:55:27,382 epoch 46 - iter 8/44 - loss 0.05525939 - samples/sec: 26.89 - lr: 0.025000
2021-09-20 09:55:33,523 epoch 46 - iter 12/44 - loss 0.05984496 - samples/sec: 20.86 - lr: 0.025000
2021-09-20 09:55:37,265 epoch 46 - iter 16/44 - loss 0.05866098 - samples/sec: 34.23 - lr: 0.025000
2021-09-20 09:55:41,252 epoch 46 - iter 20/44 - loss 0.05718163 - samples/sec: 32.13 - lr: 0.025000
2021-09-20 09:55:44,996 epoch 46 - iter 24/44 - loss 0.05621568 - samples/sec: 34.21 - lr: 0.025000
2021-09-20 09:55:47,936 epoch 46 - iter 28/44 - loss 0.05677326 - samples/sec: 43.57 - lr: 0.025000
2021-09-20 09:55:50,396 epoch 46 - iter 32/44 - loss 0.05730413 - samples/sec: 52.14 - lr: 0.025000
2021-09-20 09:55:53,720 epoch 46 - iter 36/44 - loss 0.05716209 - samples/sec: 38.55 - lr: 0.025000
2021-09-20 09:55:56,491 epoch 46 - iter 40/44 - loss 0.05785985 - samples/sec: 46.26 - lr: 0.025000
2021-09-20 09:55:58,563 epoch 46 - iter 44/44 - loss 0.05811516 - samples/sec: 61.87 - lr: 0.025000
2021-09-20 09:55:58,565 ----------------------------------------------------------------------------------------------------
2021-09-20 09:55:58,568 EPOCH 46 done: loss 0.0581 - lr 0.0250000
2021-09-20 09:56:04,809 DEV : loss 0.06255703419446945 - f1-score (micro avg)  0.8981
2021-09-20 09:56:04,824 BAD EPOCHS (no improvement): 0
2021-09-20 09:56:04,825 saving best model
2021-09-20 09:56:05,525 ----------------------------------------------------------------------------------------------------
2021-09-20 09:56:08,891 epoch 47 - iter 4/44 - loss 0.05701133 - samples/sec: 38.10 - lr: 0.025000
2021-09-20 09:56:12,199 epoch 47 - iter 8/44 - loss 0.05940275 - samples/sec: 38.74 - lr: 0.025000
2021-09-20 09:56:14,275 epoch 47 - iter 12/44 - loss 0.06063647 - samples/sec: 61.72 - lr: 0.025000
2021-09-20 09:56:16,895 epoch 47 - iter 16/44 - loss 0.06070649 - samples/sec: 48.91 - lr: 0.025000
2021-09-20 09:56:20,548 epoch 47 - iter 20/44 - loss 0.05963225 - samples/sec: 35.08 - lr: 0.025000
2021-09-20 09:56:25,060 epoch 47 - iter 24/44 - loss 0.05701335 - samples/sec: 28.40 - lr: 0.025000
2021-09-20 09:56:30,064 epoch 47 - iter 28/44 - loss 0.05498169 - samples/sec: 25.61 - lr: 0.025000
2021-09-20 09:56:34,686 epoch 47 - iter 32/44 - loss 0.05779088 - samples/sec: 27.71 - lr: 0.025000
2021-09-20 09:56:38,243 epoch 47 - iter 36/44 - loss 0.05704621 - samples/sec: 36.01 - lr: 0.025000
2021-09-20 09:56:41,779 epoch 47 - iter 40/44 - loss 0.05653342 - samples/sec: 36.23 - lr: 0.025000
2021-09-20 09:56:45,222 epoch 47 - iter 44/44 - loss 0.05605983 - samples/sec: 37.21 - lr: 0.025000
2021-09-20 09:56:45,229 ----------------------------------------------------------------------------------------------------
2021-09-20 09:56:45,233 EPOCH 47 done: loss 0.0561 - lr 0.0250000
2021-09-20 09:56:50,986 DEV : loss 0.06038820743560791 - f1-score (micro avg)  0.8968
2021-09-20 09:56:51,001 BAD EPOCHS (no improvement): 1
2021-09-20 09:56:51,002 ----------------------------------------------------------------------------------------------------
2021-09-20 09:56:56,138 epoch 48 - iter 4/44 - loss 0.05402127 - samples/sec: 24.94 - lr: 0.025000
2021-09-20 09:56:59,637 epoch 48 - iter 8/44 - loss 0.05550733 - samples/sec: 36.61 - lr: 0.025000
2021-09-20 09:57:03,325 epoch 48 - iter 12/44 - loss 0.05485996 - samples/sec: 34.74 - lr: 0.025000
2021-09-20 09:57:07,558 epoch 48 - iter 16/44 - loss 0.05660951 - samples/sec: 30.26 - lr: 0.025000
2021-09-20 09:57:11,317 epoch 48 - iter 20/44 - loss 0.05714440 - samples/sec: 34.08 - lr: 0.025000
2021-09-20 09:57:13,750 epoch 48 - iter 24/44 - loss 0.05704475 - samples/sec: 52.67 - lr: 0.025000
2021-09-20 09:57:16,742 epoch 48 - iter 28/44 - loss 0.05565010 - samples/sec: 42.81 - lr: 0.025000
2021-09-20 09:57:20,989 epoch 48 - iter 32/44 - loss 0.05555913 - samples/sec: 30.16 - lr: 0.025000
2021-09-20 09:57:23,519 epoch 48 - iter 36/44 - loss 0.05565531 - samples/sec: 50.63 - lr: 0.025000
2021-09-20 09:57:27,710 epoch 48 - iter 40/44 - loss 0.05620981 - samples/sec: 30.57 - lr: 0.025000
2021-09-20 09:57:31,151 epoch 48 - iter 44/44 - loss 0.05699948 - samples/sec: 37.21 - lr: 0.025000
2021-09-20 09:57:31,156 ----------------------------------------------------------------------------------------------------
2021-09-20 09:57:31,160 EPOCH 48 done: loss 0.0570 - lr 0.0250000
2021-09-20 09:57:37,408 DEV : loss 0.06027241796255112 - f1-score (micro avg)  0.894
2021-09-20 09:57:37,419 BAD EPOCHS (no improvement): 2
2021-09-20 09:57:37,421 ----------------------------------------------------------------------------------------------------
2021-09-20 09:57:41,846 epoch 49 - iter 4/44 - loss 0.05429570 - samples/sec: 28.97 - lr: 0.025000
2021-09-20 09:57:46,098 epoch 49 - iter 8/44 - loss 0.05900193 - samples/sec: 30.12 - lr: 0.025000
2021-09-20 09:57:49,772 epoch 49 - iter 12/44 - loss 0.05673336 - samples/sec: 34.87 - lr: 0.025000
2021-09-20 09:57:53,449 epoch 49 - iter 16/44 - loss 0.05576825 - samples/sec: 34.85 - lr: 0.025000
2021-09-20 09:57:57,464 epoch 49 - iter 20/44 - loss 0.05439467 - samples/sec: 31.90 - lr: 0.025000
2021-09-20 09:58:01,680 epoch 49 - iter 24/44 - loss 0.05414659 - samples/sec: 30.38 - lr: 0.025000
2021-09-20 09:58:05,181 epoch 49 - iter 28/44 - loss 0.05326695 - samples/sec: 36.59 - lr: 0.025000
2021-09-20 09:58:08,479 epoch 49 - iter 32/44 - loss 0.05338200 - samples/sec: 38.87 - lr: 0.025000
2021-09-20 09:58:12,162 epoch 49 - iter 36/44 - loss 0.05352647 - samples/sec: 34.80 - lr: 0.025000
2021-09-20 09:58:16,006 epoch 49 - iter 40/44 - loss 0.05449366 - samples/sec: 33.32 - lr: 0.025000
2021-09-20 09:58:18,017 epoch 49 - iter 44/44 - loss 0.05479232 - samples/sec: 64.01 - lr: 0.025000
2021-09-20 09:58:18,019 ----------------------------------------------------------------------------------------------------
2021-09-20 09:58:18,029 EPOCH 49 done: loss 0.0548 - lr 0.0250000
2021-09-20 09:58:23,811 DEV : loss 0.06499392539262772 - f1-score (micro avg)  0.8922
2021-09-20 09:58:23,825 BAD EPOCHS (no improvement): 3
2021-09-20 09:58:23,828 ----------------------------------------------------------------------------------------------------
2021-09-20 09:58:27,521 epoch 50 - iter 4/44 - loss 0.07086205 - samples/sec: 34.72 - lr: 0.025000
2021-09-20 09:58:31,991 epoch 50 - iter 8/44 - loss 0.06094201 - samples/sec: 28.64 - lr: 0.025000
2021-09-20 09:58:35,310 epoch 50 - iter 12/44 - loss 0.05948260 - samples/sec: 38.61 - lr: 0.025000
2021-09-20 09:58:39,306 epoch 50 - iter 16/44 - loss 0.05835187 - samples/sec: 32.08 - lr: 0.025000
2021-09-20 09:58:43,867 epoch 50 - iter 20/44 - loss 0.05965353 - samples/sec: 28.08 - lr: 0.025000
2021-09-20 09:58:46,895 epoch 50 - iter 24/44 - loss 0.05847725 - samples/sec: 42.31 - lr: 0.025000
2021-09-20 09:58:51,221 epoch 50 - iter 28/44 - loss 0.05644308 - samples/sec: 29.61 - lr: 0.025000
2021-09-20 09:58:55,908 epoch 50 - iter 32/44 - loss 0.05578742 - samples/sec: 27.33 - lr: 0.025000
2021-09-20 09:58:59,001 epoch 50 - iter 36/44 - loss 0.05601839 - samples/sec: 41.42 - lr: 0.025000
2021-09-20 09:59:03,115 epoch 50 - iter 40/44 - loss 0.05665513 - samples/sec: 31.16 - lr: 0.025000
2021-09-20 09:59:06,641 epoch 50 - iter 44/44 - loss 0.05662945 - samples/sec: 36.33 - lr: 0.025000
2021-09-20 09:59:06,644 ----------------------------------------------------------------------------------------------------
2021-09-20 09:59:06,650 EPOCH 50 done: loss 0.0566 - lr 0.0250000
2021-09-20 09:59:12,455 DEV : loss 0.06127871945500374 - f1-score (micro avg)  0.8965
2021-09-20 09:59:12,470 BAD EPOCHS (no improvement): 4
2021-09-20 09:59:13,157 ----------------------------------------------------------------------------------------------------
2021-09-20 09:59:13,162 loading file model/best-model.pt
2021-09-20 09:59:45,430 0.8524	0.8978	0.8745	0.7943
2021-09-20 09:59:45,433 
Results:
- F-score (micro) 0.8745
- F-score (macro) 0.8522
- Accuracy 0.7943

By class:
              precision    recall  f1-score   support

     Erreger     0.8182    0.9158    0.8642       285
      Kultur     0.8539    0.9344    0.8924       244
      Mittel     0.9310    0.8333    0.8795       162
BBCH_Stadium     0.8095    0.7391    0.7727        23

   micro avg     0.8524    0.8978    0.8745       714
   macro avg     0.8532    0.8557    0.8522       714
weighted avg     0.8557    0.8978    0.8744       714
 samples avg     0.7943    0.7943    0.7943       714

2021-09-20 09:59:45,436 ----------------------------------------------------------------------------------------------------
